        -:    0:Source:/home/runner/work/cjit/cjit/src/cjit.c
        -:    0:Graph:build_cov/CMakeFiles/cjit_lib.dir/src/cjit.c.gcno
        -:    0:Data:build_cov/CMakeFiles/cjit_lib.dir/src/cjit.c.gcda
        -:    0:Runs:3
        -:    1:/**
        -:    2: * cjit.c – Non-blocking JIT compiler engine.
        -:    3: *
        -:    4: * ┌─────────────────────────────────────────────────────────────────────────┐
        -:    5: * │                       Architecture Overview                             │
        -:    6: * ├─────────────────────────────────────────────────────────────────────────┤
        -:    7: * │                                                                         │
        -:    8: * │   Runtime threads (any number)                                          │
        -:    9: * │   ────────────────────────────                                          │
        -:   10: * │   Hot path per call (CJIT_DISPATCH / cjit_get_func_counted):            │
        -:   11: * │     fn = atomic_load(&table[id].func_ptr);  ← single acquire-load      │
        -:   12: * │     fn(args…);                              ← indirect call             │
        -:   13: * │     tls_counts[id]++;                       ← thread-local byte incr   │
        -:   14: * │     if (tls_counts[id] >= THRESHOLD)        ← flush every N calls      │
        -:   15: * │         atomic_fetch_add(&call_cnt, N);     ← amortised atomic flush   │
        -:   16: * │                                                                         │
        -:   17: * │   Per-thread TLS batch counting                                         │
        -:   18: * │   ──────────────────────────────                                        │
        -:   19: * │   Each calling thread owns a private uint8_t tls_counts[MAX_FUNCTIONS] │
        -:   20: * │   array (~1 KB TLS per thread).  The hot path only writes to this       │
        -:   21: * │   thread-private array; no shared-memory traffic until the batch fills. │
        -:   22: * │   func_ptr (cache line 0) and call_cnt (cache line 1) are on separate   │
        -:   23: * │   cache lines: func_ptr stays in "Shared" state on all cores for the    │
        -:   24: * │   lifetime of steady-state execution.                                   │
        -:   25: * │                                                                         │
        -:   26: * │   Background threads (started by cjit_start)                           │
        -:   27: * │   ─────────────────────────────────────────                             │
        -:   28: * │                                                                         │
        -:   29: * │   ┌──────────────────────────────────────────────────────────────┐  │
        -:   30: * │   │  Monitor thread (×1)                                         │  │
        -:   31: * │   │   • Wakes every monitor_interval_ms (nanosleep, low CPU)     │  │
        -:   32: * │   │   • Maintains per-function EMA of call rate                  │  │
        -:   33: * │   │   • 5-gate data-driven promotion (all must pass):            │  │
        -:   34: * │   │     1. Hard recompile cap  (max_recompiles_per_func)         │  │
        -:   35: * │   │     2. Scaled rate thresh  (+scale_pct% per recompile)       │  │
        -:   36: * │   │     3. Stability streak    (hot_confirm_cycles + rc×extra)   │  │
        -:   37: * │   │     4. O3 uptime gate      (min_uptime_for_tier2_ms)         │  │
        -:   38: * │   │     5. Scaled O3 min-calls (min_calls_for_tier2 × (1+rc))   │  │
        -:   39: * │   │   • Adaptive cooloff: max(cfg.cooloff, 2×last_compile_ms)    │  │
        -:   40: * │   │   • Non-blocking async IR prefetch via ir_cache_prefetch()   │  │
        -:   41: * │   └─────────────────────────────┬────────────────────────────────┘  │
        -:   42: * │                                 │  (per-thread lock-free MPMC queues)│
        -:   43: * │   ┌─────────────────────────────▼────────────────────────────────┐  │
        -:   44: * │   │  Compiler threads (×[1..CJIT_COMPILER_THREADS], dynamic)     │  │
        -:   45: * │   │   • Each owns one MPMC queue; tasks routed by func_id%%n      │  │
        -:   46: * │   │   • Work-steals from neighbours when own queue empty         │  │
        -:   47: * │   │   • Blocks on shared condvar (instant wake on enqueue)       │  │
        -:   48: * │   │   • Fetches IR via ir_cache_get_ir() (COLD→WARM on miss)     │  │
        -:   49: * │   │   • Compiles via posix_spawnp(cc) — no shell overhead        │  │
        -:   50: * │   │   • Atomic func_table_swap + dgc_retire(old_handle)          │  │
        -:   51: * │   │   • Writes last_compile_duration_ms for adaptive cooloff      │  │
        -:   52: * │   └─────────────────────────────┬────────────────────────────────┘  │
        -:   53: * │                                 │  (lock-free retire stack)          │
        -:   54: * │   ┌─────────────────────────────▼────────────────────────────────┐  │
        -:   55: * │   │  GC thread (×1, inside deferred_gc)                          │  │
        -:   56: * │   │   • Pre-allocated pool of retire_entry_t nodes (no malloc)   │  │
        -:   57: * │   │   • Sleeps exactly until next handle becomes freeable        │  │
        -:   58: * │   │   • Exponential back-off when retire stack is empty          │  │
        -:   59: * │   │   • dlclose handles older than grace_period_ms               │  │
        -:   60: * │   └──────────────────────────────────────────────────────────────┘  │
        -:   61: * │                                                                       │
        -:   62: * │   IR cache (per engine, background threads)                           │
        -:   63: * │   ──────────────────────────────────────                              │
        -:   64: * │   ┌─────────────────────────────────────────────────────────────┐    │
        -:   65: * │   │  I/O prefetch pool (×[0..cfg.io_threads])                   │    │
        -:   66: * │   │   • Drains pf_buf FIFO of prefetch requests                 │    │
        -:   67: * │   │   • Promotes COLD IR → WARM in background (hides disk I/O)  │    │
        -:   68: * │   └─────────────────────────────────────────────────────────────┘    │
        -:   69: * │   ┌─────────────────────────────────────────────────────────────┐    │
        -:   70: * │   │  Memory-pressure monitor thread (×1)                        │    │
        -:   71: * │   │   • Polls /proc/meminfo; adjusts HOT/WARM cache capacities  │    │
        -:   72: * │   │   • Proactively evicts HOT→WARM / WARM→COLD under pressure  │    │
        -:   73: * │   └─────────────────────────────────────────────────────────────┘    │
        -:   74: * │                                                                         │
        -:   75: * └─────────────────────────────────────────────────────────────────────────┘
        -:   76: *
        -:   77: * Thread safety
        -:   78: * ─────────────
        -:   79: * func_ptr  : Written with memory_order_release (compiler thread only).
        -:   80: *             Read  with memory_order_acquire   (runtime + monitor threads).
        -:   81: *
        -:   82: * call_cnt  : Incremented with memory_order_relaxed (runtime threads).
        -:   83: *             Read    with memory_order_relaxed (monitor thread).
        -:   84: *             Relaxed ordering is correct here because we only care about
        -:   85: *             the approximate magnitude, not strict ordering with any
        -:   86: *             other shared variable.
        -:   87: *
        -:   88: * compile_lock per entry: Held by a compiler thread during the entire
        -:   89: *             compilation pass.  Prevents two compiler threads from
        -:   90: *             simultaneously recompiling the same function.  This mutex
        -:   91: *             is NEVER held on the runtime call path.
        -:   92: *
        -:   93: * in_queue   : Atomic bool set by monitor/request before enqueue, cleared
        -:   94: *             by compiler thread after dequeue (but before compilation so
        -:   95: *             that a new enqueue can happen if needed while this compile
        -:   96: *             is in flight).
        -:   97: *
        -:   98: * Global stats counters: updated with relaxed atomics; no ordering required.
        -:   99: *
        -:  100: * RCU-style atomic swap
        -:  101: * ─────────────────────
        -:  102: *   1. Compiler thread compiles new code → new_fn, new_handle.
        -:  103: *   2. Acquires entry->compile_lock.
        -:  104: *   3. old_handle = entry->dl_handle.
        -:  105: *   4. entry->dl_handle = new_handle.
        -:  106: *   5. atomic_store(&entry->func_ptr, new_fn, release).
        -:  107: *      ↑ This is the "pointer publish" – all subsequent acquire-loads by
        -:  108: *        runtime threads will see new_fn.  Any runtime thread that already
        -:  109: *        loaded old_fn before this store will finish its call using old code
        -:  110: *        (which is still mapped, since dlclose is deferred).
        -:  111: *   6. Releases compile_lock.
        -:  112: *   7. dgc_retire(dgc, old_handle).
        -:  113: *      ↑ After grace_period_ms, the GC thread calls dlclose(old_handle).
        -:  114: *        By that time all calls using old code have completed.
        -:  115: *
        -:  116: * Incremental recompilation
        -:  117: * ─────────────────────────
        -:  118: * The same IR source can be recompiled multiple times at increasing
        -:  119: * optimisation tiers.  The monitor thread escalates:
        -:  120: *   call_cnt ≥ hot_threshold_t1  → enqueue at OPT_O2
        -:  121: *   call_cnt ≥ hot_threshold_t2  → enqueue at OPT_O3
        -:  122: *
        -:  123: * A version counter per entry is incremented on each swap.  Stale compile
        -:  124: * tasks (whose version_req < current version) are discarded so that the
        -:  125: * compiler threads do not perform redundant work.
        -:  126: */
        -:  127:
        -:  128:#ifndef _GNU_SOURCE
        -:  129:#define _GNU_SOURCE
        -:  130:#endif
        -:  131:#include "../include/cjit.h"
        -:  132:#include "work_queue.h"
        -:  133:#include "deferred_gc.h"
        -:  134:#include "func_table.h"
        -:  135:#include "codegen.h"
        -:  136:#include "codegen_cache.h"
        -:  137:#include "ir_cache.h"
        -:  138:
        -:  139:#include <stdlib.h>
        -:  140:#include <string.h>
        -:  141:#include <stdio.h>
        -:  142:#include <stdatomic.h>
        -:  143:#include <pthread.h>
        -:  144:#include <time.h>
        -:  145:#include <unistd.h>
        -:  146:#include <dlfcn.h>
        -:  147:#include <errno.h>
        -:  148:#include <sys/stat.h>  /* mkdir */
        -:  149:#ifdef __linux__
        -:  150:#include <sched.h>    /* sched_getaffinity, CPU_COUNT */
        -:  151:#endif
        -:  152:
        -:  153:/* ══════════════════════ per-thread TLS batch counters ════════════════════ */
        -:  154:
        -:  155:/*
        -:  156: * Per-calling-thread call-count batch array.
        -:  157: *
        -:  158: * Each calling thread maintains a private uint8_t counter for every
        -:  159: * registered function.  On every call, only this thread-local byte is
        -:  160: * incremented (no shared-memory write, no atomic, no cache-line ownership
        -:  161: * transfer).  When the counter reaches CJIT_TLS_FLUSH_THRESHOLD, the
        -:  162: * accumulated count is flushed to the global atomic call_cnt with a
        -:  163: * single relaxed fetch_add and the local counter is reset to zero.
        -:  164: *
        -:  165: * Declared extern in cjit.h so that the CJIT_SHOULD_SAMPLE / CJIT_SAMPLE_ARGS
        -:  166: * macros can read it inline without a function call.  The cjit_tls_elapsed
        -:  167: * array remains private to this translation unit.
        -:  168: *
        -:  169: * uint8_t × CJIT_MAX_FUNCTIONS = 1 024 bytes of TLS per calling thread.
        -:  170: * TLS variables are zero-initialised by the C runtime.
        -:  171: */
        -:  172:__thread uint8_t  cjit_tls_counts[CJIT_MAX_FUNCTIONS];
        -:  173:
        -:  174:/*
        -:  175: * Per-calling-thread elapsed-nanoseconds accumulator.
        -:  176: *
        -:  177: * When CJIT_DISPATCH_TIMED or cjit_record_timed_call() is used, the
        -:  178: * measured nanoseconds for each call are added here.  The buffer is
        -:  179: * flushed to the global atomic total_elapsed_ns alongside cjit_tls_counts
        -:  180: * — both share the same CJIT_TLS_FLUSH_THRESHOLD trigger — so only one
        -:  181: * additional atomic_fetch_add per THRESHOLD calls is required beyond the
        -:  182: * normal call_cnt flush.
        -:  183: *
        -:  184: * uint64_t × CJIT_MAX_FUNCTIONS = 8 192 bytes of TLS per calling thread.
        -:  185: * Zero-initialised; stays zero for functions not dispatched via timed paths.
        -:  186: */
        -:  187:static __thread uint64_t cjit_tls_elapsed[CJIT_MAX_FUNCTIONS];
        -:  188:
        -:  189:/* ══════════════════════════ engine structure ══════════════════════════════ */
        -:  190:
        -:  191:/*
        -:  192: * Per-compiler-thread argument block.
        -:  193: *
        -:  194: * Stable for the lifetime of the engine (allocated alongside compiler_threads
        -:  195: * in cjit_create).  Each compiler thread receives a pointer to its own entry
        -:  196: * so it knows its index for work-stealing without querying TLS.
        -:  197: */
        -:  198:typedef struct {
        -:  199:    cjit_engine_t *engine;
        -:  200:    uint32_t       thread_idx;
        -:  201:} compiler_thread_arg_t;
        -:  202:
        -:  203:struct cjit_engine {
        -:  204:    /* Configuration (immutable after cjit_start). */
        -:  205:    cjit_config_t   cfg;
        -:  206:
        -:  207:    /* Function table: the heart of the engine. */
        -:  208:    func_table_t   *ftable;
        -:  209:
        -:  210:    /* IR LRU cache with memory-pressure awareness. */
        -:  211:    ir_lru_cache_t *ir_cache;
        -:  212:
        -:  213:    /**
        -:  214:     * Persistent compiled-artifact cache.
        -:  215:     *
        -:  216:     * NULL when cfg.cache_dir is empty (cache disabled).
        -:  217:     * When non-NULL, compiler threads check this cache before spawning the
        -:  218:     * system C compiler, and store newly compiled artifacts for future hits.
        -:  219:     */
        -:  220:    codegen_cache_t *artifact_cache;
        -:  221:
        -:  222:    /*
        -:  223:     * Per-compiler-thread work queues (2 per thread).
        -:  224:     *
        -:  225:     * Layout: work_queues[2 × thread_idx + lane]
        -:  226:     *   lane 0 = normal queue   (priority 1 — background monitoring promotions)
        -:  227:     *   lane 1 = priority queue (priority ≥ 2 — T2 upgrades, manual requests)
        -:  228:     *
        -:  229:     * A compiler thread always drains its own priority queue first, then its
        -:  230:     * normal queue.  Work-stealing first targets priority queues of idle peers
        -:  231:     * (to get urgent tasks done as fast as possible), then normal queues.
        -:  232:     *
        -:  233:     * Using two separate queues instead of a sorted queue preserves the O(1)
        -:  234:     * lock-free MPMC properties of the underlying Vyukov ring-buffer: there is
        -:  235:     * no reordering or search, just two FIFO queues with a fixed priority rule.
        -:  236:     *
        -:  237:     * Total memory: 2 × cfg.compiler_threads × sizeof(mpmc_queue_t).
        -:  238:     */
        -:  239:    mpmc_queue_t   *work_queues;   /* [2 × cfg.compiler_threads]: [0]=normal [1]=prio */
        -:  240:
        -:  241:    /*
        -:  242:     * Shared condition variable.
        -:  243:     *
        -:  244:     * Any enqueue into any per-thread queue signals one waiting compiler
        -:  245:     * thread via this condvar.  Protocol:
        -:  246:     *
        -:  247:     *   Producer (engine_enqueue_task):
        -:  248:     *     mpmc_enqueue(work_queues[target]) → lock → signal → unlock
        -:  249:     *
        -:  250:     *   Consumer (compiler_thread_fn):
        -:  251:     *     all-queues-empty? → lock → while (all empty && !stop) wait → unlock
        -:  252:     *     → retry dequeue from own queue (then neighbours)
        -:  253:     *
        -:  254:     * Using a single condvar (not per-thread) keeps the producer fast: one
        -:  255:     * unconditional mutex_lock/signal/unlock per enqueue, regardless of how
        -:  256:     * many threads are sleeping.
        -:  257:     */
        -:  258:    pthread_mutex_t work_cond_mutex;
        -:  259:    pthread_cond_t  work_cond;
        -:  260:
        -:  261:    /* Deferred GC for safe dlclose of retired handles. */
        -:  262:    deferred_gc_t   dgc;
        -:  263:
        -:  264:    /*
        -:  265:     * Background thread handles and per-thread arguments.
        -:  266:     * Both are heap-allocated arrays of cfg.compiler_threads entries.
        -:  267:     */
        -:  268:    pthread_t              *compiler_threads;
        -:  269:    compiler_thread_arg_t  *thread_args;
        -:  270:    pthread_t               monitor_thread;
        -:  271:
        -:  272:    /* Lifecycle control. */
        -:  273:    atomic_bool     running;
        -:  274:    atomic_bool     stop_requested;
        -:  275:
        -:  276:    /**
        -:  277:     * Monotonic timestamp (ms) captured by cjit_start().
        -:  278:     *
        -:  279:     * Used by the monitor thread to compute engine uptime, which gates
        -:  280:     * tier-2 (O3) promotions: compilations triggered by startup hotness
        -:  281:     * spikes (before uptime >= min_uptime_for_tier2_ms) are suppressed.
        -:  282:     * Not atomic: written once in cjit_start() (before compiler/monitor
        -:  283:     * threads exist), then read-only by the monitor thread thereafter.
        -:  284:     */
        -:  285:    uint64_t        start_ms;
        -:  286:
        -:  287:    /* Global statistics (relaxed atomics; no strict ordering needed). */
        -:  288:    atomic_uint_fast64_t stat_compilations;
        -:  289:    atomic_uint_fast64_t stat_failed;
        -:  290:    atomic_uint_fast64_t stat_timeouts;          /**< Compiler subprocess timeouts.  */
        -:  291:    atomic_uint_fast64_t stat_swaps;
        -:  292:    atomic_uint_fast64_t stat_tier_skips;        /**< O0→O3 tier-skip promotions. */
        -:  293:    atomic_uint_fast64_t stat_predictive_promos; /**< Slope-lookahead early promotions. */
        -:  294:
        -:  295:    /**
        -:  296:     * Count of compiler threads that have acquired compile_lock and are
        -:  297:     * actively compiling (between compile_lock acquire and release).
        -:  298:     *
        -:  299:     * Incremented by every compiler thread (or cjit_compile_sync) just
        -:  300:     * before acquiring compile_lock; decremented immediately after
        -:  301:     * releasing it.  Used by cjit_drain_queue() to detect the window
        -:  302:     * between in_queue=false (cleared before the lock) and the actual
        -:  303:     * end of compilation.  Written and read with relaxed ordering since
        -:  304:     * cjit_drain_queue() polls with nanosleep pauses between reads.
        -:  305:     */
        -:  306:    atomic_uint_fast32_t active_compilations;
        -:  307:
        -:  308:    /*
        -:  309:     * Condition variable signaled after every compilation attempt (success or
        -:  310:     * failure).  Used by cjit_wait_compiled() to block efficiently without
        -:  311:     * busy-waiting until a function's func_ptr becomes non-NULL.
        -:  312:     *
        -:  313:     * Protocol:
        -:  314:     *   Compiler thread: after func_table_swap (or on failed compile):
        -:  315:     *     lock → broadcast → unlock
        -:  316:     *   cjit_wait_compiled:
        -:  317:     *     lock → while (func_ptr == NULL && !timedout) timedwait → unlock
        -:  318:     */
        -:  319:    pthread_mutex_t compile_done_mutex;
        -:  320:    pthread_cond_t  compile_done_cond;
        -:  321:
        -:  322:    /*
        -:  323:     * Compile-event callback (optional).
        -:  324:     *
        -:  325:     * Called by compiler threads after every compilation attempt (success,
        -:  326:     * failure, or timeout) with a cjit_compile_event_t snapshot.
        -:  327:     *
        -:  328:     * Both fields are protected by a single mutex so that the callback + its
        -:  329:     * userdata are always updated and read atomically.  The mutex is acquired
        -:  330:     * once per compilation event — an infrequent operation, never on the hot
        -:  331:     * dispatch path.
        -:  332:     */
        -:  333:    pthread_mutex_t         cb_mutex;
        -:  334:    cjit_compile_callback_t compile_cb;
        -:  335:    void                   *compile_cb_userdata;
        -:  336:};
        -:  337:
        -:  338:/* ══════════════════════════ internal helpers ══════════════════════════════ */
        -:  339:
        -:  340:/* Monotonic timestamp in milliseconds (shared by monitor helpers). */
     1467:  341:static uint64_t engine_now_ms(void)
        -:  342:{
        -:  343:    struct timespec ts;
     1467:  344:    clock_gettime(CLOCK_MONOTONIC, &ts);
     1467:  345:    return (uint64_t)ts.tv_sec * 1000ULL + (uint64_t)ts.tv_nsec / 1000000ULL;
        -:  346:}
        -:  347:
        -:  348:/**
        -:  349: * Route a compile task to the owning thread's queue and signal a waiter.
        -:  350: *
        -:  351: * Routing by (func_id % num_threads) gives each function affinity to one
        -:  352: * compiler thread.  That means the per-entry compile_lock is almost always
        -:  353: * acquired by the same thread, eliminating cross-thread trylock contention
        -:  354: * in the common case.
        -:  355: *
        -:  356: * Two-level priority:
        -:  357: *   priority >= 2 → priority queue (lane 1): T2 upgrades, manual requests.
        -:  358: *   priority  < 2 → normal queue   (lane 0): background monitoring promotions.
        -:  359: *
        -:  360: * The condvar signal is sent inside a brief mutex section so no wake-up can
        -:  361: * be lost (see engine struct comment for the full protocol).
        -:  362: *
        -:  363: * @return true if the task was accepted, false if the target queue is full.
        -:  364: */
      115:  365:static bool engine_enqueue_task(cjit_engine_t *engine,
        -:  366:                                 const compile_task_t *task)
        -:  367:{
      115:  368:    uint32_t n      = engine->cfg.compiler_threads;
      115:  369:    uint32_t target = task->func_id % n;
      115:  370:    uint32_t lane   = (task->priority >= 2) ? 1u : 0u;
      115:  371:    bool ok = mpmc_enqueue(&engine->work_queues[2 * target + lane], task);
      115:  372:    if (ok) {
      115:  373:        pthread_mutex_lock(&engine->work_cond_mutex);
      115:  374:        pthread_cond_signal(&engine->work_cond);
      115:  375:        pthread_mutex_unlock(&engine->work_cond_mutex);
        -:  376:    }
      115:  377:    return ok;
        -:  378:}
        -:  379:
        -:  380:/* ══════════════════════════ compiler thread ═══════════════════════════════ */
        -:  381:
        -:  382:/**
        -:  383: * Main loop of a background compiler thread.
        -:  384: *
        -:  385: * Dequeue strategy (zero-contention fast path, graceful fallback):
        -:  386: *   1. Try own queue first (only consumer — never contends with peers).
        -:  387: *   2. If empty, round-robin work-steal from each other thread's queue.
        -:  388: *   3. If all queues empty, block on the shared condvar.
        -:  389: *
        -:  390: * Stale-task detection:
        -:  391: *   entry->version > task.version_req  →  a newer compilation already happened;
        -:  392: *   discard and continue.
        -:  393: *
        -:  394: * Concurrent compilation prevention:
        -:  395: *   compile_lock per entry: trylock(); if taken, re-enqueue to the affinity
        -:  396: *   queue and move on.  Because tasks are routed by (func_id % nthreads)
        -:  397: *   this almost always succeeds on the first attempt.
        -:  398: */
      151:  399:static void *compiler_thread_fn(void *raw_arg)
        -:  400:{
      151:  401:    compiler_thread_arg_t *targ   = (compiler_thread_arg_t *)raw_arg;
      151:  402:    cjit_engine_t         *engine = targ->engine;
      151:  403:    uint32_t               me     = targ->thread_idx;
      151:  404:    uint32_t               n      = engine->cfg.compiler_threads;
        -:  405:
        -:  406:    /* Build codegen options once – immutable after cjit_start(). */
      453:  407:    codegen_opts_t copts = {
      151:  408:        .enable_inlining      = engine->cfg.enable_inlining,
      151:  409:        .enable_vectorization = engine->cfg.enable_vectorization,
      151:  410:        .enable_loop_unroll   = engine->cfg.enable_loop_unroll,
      151:  411:        .enable_native_arch   = engine->cfg.enable_native_arch,
      151:  412:        .enable_fast_math     = engine->cfg.enable_fast_math,
      151:  413:        .verbose              = engine->cfg.verbose,
      151:  414:        .extra_cflags         = engine->cfg.extra_cflags[0] ? engine->cfg.extra_cflags : NULL,
      151:  415:        .cc_binary            = engine->cfg.cc_binary[0]    ? engine->cfg.cc_binary    : NULL,
      151:  416:        .cache                = engine->artifact_cache,   /* may be NULL */
      151:  417:        .compile_timeout_ms   = engine->cfg.compile_timeout_ms,
        -:  418:    };
        -:  419:
      514:  420:    while (!atomic_load_explicit(&engine->stop_requested, memory_order_acquire)) {
        -:  421:
        -:  422:        /*
        -:  423:         * Two-level dequeue: always drain the priority queue first.
        -:  424:         *
        -:  425:         * Step 1a: own priority queue (lane 1) — T2 upgrades, manual requests.
        -:  426:         * Step 1b: own normal queue   (lane 0) — background monitoring.
        -:  427:         * Step 2a: steal priority queues from neighbours (urgent tasks get
        -:  428:         *          processed as fast as possible, across threads if needed).
        -:  429:         * Step 2b: steal normal queues from neighbours (load balancing).
        -:  430:         * Step 3:  all queues empty — block on condvar.
        -:  431:         */
        -:  432:        compile_task_t task;
        -:  433:        bool got;
        -:  434:
        -:  435:        /* Step 1a: own priority queue. */
      365:  436:        got = mpmc_dequeue(&engine->work_queues[2 * me + 1], &task);
        -:  437:
        -:  438:        /* Step 1b: own normal queue. */
      365:  439:        if (!got)
      304:  440:            got = mpmc_dequeue(&engine->work_queues[2 * me + 0], &task);
        -:  441:
        -:  442:        /* Step 2a: work-steal priority queues round-robin. */
      365:  443:        if (!got) {
      614:  444:            for (uint32_t i = 1; i < n; ++i) {
      362:  445:                uint32_t peer = (me + i) % n;
      362:  446:                if (mpmc_dequeue(&engine->work_queues[2 * peer + 1], &task)) {
       30:  447:                    got = true;
       30:  448:                    break;
        -:  449:                }
        -:  450:            }
        -:  451:        }
        -:  452:
        -:  453:        /* Step 2b: work-steal normal queues round-robin. */
      365:  454:        if (!got) {
      572:  455:            for (uint32_t i = 1; i < n; ++i) {
      322:  456:                uint32_t peer = (me + i) % n;
      322:  457:                if (mpmc_dequeue(&engine->work_queues[2 * peer + 0], &task)) {
        2:  458:                    got = true;
        2:  459:                    break;
        -:  460:                }
        -:  461:            }
        -:  462:        }
        -:  463:
        -:  464:        /* Step 3: all queues empty – block on condvar. */
      365:  465:        if (!got) {
      250:  466:            pthread_mutex_lock(&engine->work_cond_mutex);
        -:  467:            /*
        -:  468:             * Re-check all queues under the mutex so we cannot miss a signal
        -:  469:             * that arrived after the steal loop above but before the lock.
        -:  470:             */
      250:  471:            bool any = false;
     1390:  472:            for (uint32_t i = 0; i < 2 * n && !any; ++i)
     1140:  473:                any = (mpmc_size(&engine->work_queues[i]) > 0);
      250:  474:            if (!any && !atomic_load_explicit(&engine->stop_requested,
        -:  475:                                              memory_order_relaxed))
      250:  476:                pthread_cond_wait(&engine->work_cond, &engine->work_cond_mutex);
      248:  477:            pthread_mutex_unlock(&engine->work_cond_mutex);
      257:  478:            continue;
        -:  479:        }
        -:  480:
        -:  481:        /* Got a task. */
      115:  482:        func_table_entry_t *entry = func_table_get(engine->ftable, task.func_id);
     115*:  483:        if (!entry) continue;
        -:  484:
        -:  485:        /*
        -:  486:         * Clear in_queue BEFORE compiling so the monitor can re-enqueue if
        -:  487:         * the function stays hot while a slow compilation is in flight.
        -:  488:         */
      115:  489:        atomic_store_explicit(&entry->in_queue, false, memory_order_relaxed);
        -:  490:
        -:  491:        /* Discard stale tasks. */
      115:  492:        uint32_t cur_ver = atomic_load_explicit(&entry->version,
        -:  493:                                                 memory_order_relaxed);
      115:  494:        if (cur_ver > task.version_req) {
        2:  495:            if (engine->cfg.verbose)
    #####:  496:                fprintf(stderr,
        -:  497:                        "[cjit/compiler#%u] discard stale '%s' (ver %u > req %u)\n",
    #####:  498:                        me, entry->name, cur_ver, task.version_req);
        2:  499:            continue;
        -:  500:        }
        -:  501:
        -:  502:        /* Skip if already at the requested tier or higher. */
      113:  503:        opt_level_t cur_level =
      113:  504:            (opt_level_t)atomic_load_explicit(&entry->cur_level,
        -:  505:                                               memory_order_relaxed);
      113:  506:        if (cur_level >= task.target_level) {
        2:  507:            if (engine->cfg.verbose)
        2:  508:                fprintf(stderr,
        -:  509:                        "[cjit/compiler#%u] skip '%s': already O%d >= O%d\n",
        2:  510:                        me, entry->name, (int)cur_level, (int)task.target_level);
        2:  511:            continue;
        -:  512:        }
        -:  513:
        -:  514:        /* Acquire per-entry compile lock (non-blocking trylock).
        -:  515:         * Increment active_compilations first so cjit_drain_queue() can
        -:  516:         * observe in-flight work even after in_queue is cleared. */
      111:  517:        atomic_fetch_add_explicit(&engine->active_compilations, 1,
        -:  518:                                  memory_order_relaxed);
     111*:  519:        if (pthread_mutex_trylock(&entry->compile_lock) != 0) {
    #####:  520:            atomic_fetch_sub_explicit(&engine->active_compilations, 1,
        -:  521:                                      memory_order_relaxed);
        -:  522:            /*
        -:  523:             * Another thread is already compiling this function.
        -:  524:             *
        -:  525:             * Problem without a fix: in_queue was cleared above, so the
        -:  526:             * monitor may independently enqueue a fresh copy of this task.
        -:  527:             * If we also re-enqueue our copy, there will be two tasks for
        -:  528:             * the same function → queue bloat → repeated trylock failures
        -:  529:             * until the first compilation finishes and version increments.
        -:  530:             *
        -:  531:             * Fix: try to reclaim in_queue atomically before re-enqueuing.
        -:  532:             *   CAS succeeds → we own in_queue; re-enqueue our copy as the
        -:  533:             *                  canonical pending task; monitor won't add more.
        -:  534:             *   CAS fails    → monitor already set in_queue=true and enqueued
        -:  535:             *                  a fresh copy; our copy is redundant — discard.
        -:  536:             */
    #####:  537:            bool exp = false;
    #####:  538:            if (atomic_compare_exchange_strong_explicit(
        -:  539:                    &entry->in_queue, &exp, true,
        -:  540:                    memory_order_relaxed, memory_order_relaxed)) {
        -:  541:                /* We reclaimed the slot; re-enqueue to the affinity queue.
        -:  542:                 * Use the same priority-lane routing as engine_enqueue_task. */
    #####:  543:                uint32_t lane = (task.priority >= 2) ? 1u : 0u;
    #####:  544:                if (!mpmc_enqueue(&engine->work_queues[2 * (task.func_id % n) + lane],
        -:  545:                                  &task)) {
        -:  546:                    /* Queue full: clear in_queue so future enqueues can proceed. */
    #####:  547:                    atomic_store_explicit(&entry->in_queue, false,
        -:  548:                                          memory_order_relaxed);
        -:  549:                }
        -:  550:            }
        -:  551:            /* else: monitor's fresh copy is already in the queue; drop ours. */
    #####:  552:            continue;
        -:  553:        }
        -:  554:
        -:  555:        /* Compilation. */
      111:  556:        if (engine->cfg.verbose)
        5:  557:            fprintf(stderr,
        -:  558:                    "[cjit/compiler#%u] compiling '%s' O%d "
        -:  559:                    "(call_cnt=%llu rate=%llucps)\n",
        5:  560:                    me, entry->name, (int)task.target_level,
        -:  561:                    (unsigned long long)
        5:  562:                    atomic_load_explicit(&entry->call_cnt, memory_order_relaxed),
        5:  563:                    (unsigned long long)task.call_rate);
        -:  564:
        -:  565:        /* Fetch IR (promotes COLD->WARM; loads from disk if cold). */
      111:  566:        const char *ir_to_use    = NULL;
      111:  567:        char       *ir_cache_copy = NULL;
      111:  568:        if (engine->ir_cache) {
      111:  569:            ir_cache_copy = ir_cache_get_ir(engine->ir_cache, task.func_id);
      111:  570:            ir_to_use     = ir_cache_copy;
        -:  571:        }
     111*:  572:        if (!ir_to_use) ir_to_use = entry->ir_source;
     111*:  573:        if (!ir_to_use) {
    #####:  574:            fprintf(stderr, "[cjit/compiler#%u] no IR for '%s'\n",
    #####:  575:                    me, entry->name);
    #####:  576:            pthread_mutex_unlock(&entry->compile_lock);
    #####:  577:            atomic_fetch_sub_explicit(&engine->active_compilations, 1,
        -:  578:                                      memory_order_relaxed);
    #####:  579:            free(ir_cache_copy);
    #####:  580:            continue;
        -:  581:        }
        -:  582:
      111:  583:        uint64_t t0_compile = engine_now_ms();
        -:  584:        codegen_result_t cres;
        -:  585:        /*
        -:  586:         * Pass the current argument profile snapshot to codegen.  The profile
        -:  587:         * is stored on the cold cache line of func_table_entry_t; this read
        -:  588:         * is lock-free and the compiler thread may see a slightly stale
        -:  589:         * snapshot — this is intentional (statistical data, not requiring
        -:  590:         * coherence).  The arg_profile pointer is only valid until the end of
        -:  591:         * this codegen_compile() call (entry remains live throughout since we
        -:  592:         * hold compile_lock).
        -:  593:         */
      111:  594:        copts.arg_profile = &entry->arg_profile;
      111:  595:        bool ok = codegen_compile(entry->name, ir_to_use,
        -:  596:                                   task.target_level, &copts, &cres);
      111:  597:        copts.arg_profile = NULL; /* clear for next task */
      111:  598:        free(ir_cache_copy);
        -:  599:
        -:  600:        /* Record how long this compilation took (relaxed store, read by monitor
        -:  601:         * for adaptive cooloff — zero hot-path overhead). */
      111:  602:        uint32_t dur_ms = (uint32_t)(engine_now_ms() - t0_compile);
      111:  603:        atomic_store_explicit(&entry->last_compile_duration_ms, dur_ms,
        -:  604:                              memory_order_relaxed);
        -:  605:
      111:  606:        if (!ok) {
        5:  607:            atomic_fetch_add_explicit(&engine->stat_failed, 1,
        -:  608:                                      memory_order_relaxed);
        5:  609:            if (cres.timed_out) {
        3:  610:                atomic_fetch_add_explicit(&engine->stat_timeouts, 1,
        -:  611:                                          memory_order_relaxed);
        3:  612:                if (engine->cfg.verbose)
        1:  613:                    fprintf(stderr, "[cjit/compiler#%u] TIMEOUT '%s' (>%u ms)\n",
        1:  614:                            me, entry->name, engine->cfg.compile_timeout_ms);
        -:  615:            } else {
        2:  616:                fprintf(stderr, "[cjit/compiler#%u] FAILED '%s': %s\n",
        2:  617:                        me, entry->name, cres.errmsg);
        -:  618:            }
        5:  619:            pthread_mutex_unlock(&entry->compile_lock);
        5:  620:            atomic_fetch_sub_explicit(&engine->active_compilations, 1,
        -:  621:                                      memory_order_relaxed);
        -:  622:            /* Wake any cjit_wait_compiled() caller so it can detect failure. */
        5:  623:            pthread_mutex_lock(&engine->compile_done_mutex);
        5:  624:            pthread_cond_broadcast(&engine->compile_done_cond);
        5:  625:            pthread_mutex_unlock(&engine->compile_done_mutex);
        -:  626:            /* Fire compile-event callback (failure path). */
        5:  627:            pthread_mutex_lock(&engine->cb_mutex);
        5:  628:            cjit_compile_callback_t cb = engine->compile_cb;
        5:  629:            void *cb_ud = engine->compile_cb_userdata;
        5:  630:            pthread_mutex_unlock(&engine->cb_mutex);
        5:  631:            if (cb) {
        -:  632:                cjit_compile_event_t ev;
        2:  633:                memset(&ev, 0, sizeof(ev));
        2:  634:                ev.func_id    = task.func_id;
        2:  635:                snprintf(ev.func_name, sizeof(ev.func_name), "%s", entry->name);
        2:  636:                ev.level      = task.target_level;
        2:  637:                ev.success    = false;
        2:  638:                ev.timed_out  = cres.timed_out;
        2:  639:                ev.cache_hit  = false;
        2:  640:                ev.duration_ms = dur_ms;
        2:  641:                snprintf(ev.errmsg, sizeof(ev.errmsg), "%.255s", cres.errmsg);
        2:  642:                cb(&ev, cb_ud);
        -:  643:            }
        5:  644:            continue;
        -:  645:        }
        -:  646:
      106:  647:        atomic_fetch_add_explicit(&engine->stat_compilations, 1,
        -:  648:                                  memory_order_relaxed);
        -:  649:
        -:  650:        /* Atomic RCU-style pointer swap. */
      106:  651:        void *old_handle = func_table_swap(engine->ftable, task.func_id,
        -:  652:                                            cres.fn, cres.handle,
        -:  653:                                            task.target_level);
      106:  654:        atomic_fetch_add_explicit(&engine->stat_swaps, 1,
        -:  655:                                  memory_order_relaxed);
      106:  656:        pthread_mutex_unlock(&entry->compile_lock);
      106:  657:        atomic_fetch_sub_explicit(&engine->active_compilations, 1,
        -:  658:                                  memory_order_relaxed);
        -:  659:
        -:  660:        /* Retire old handle – GC thread dlclose's after the grace period. */
      106:  661:        dgc_retire(&engine->dgc, old_handle);
        -:  662:
        -:  663:        /* Wake any cjit_wait_compiled() caller now that func_ptr is live. */
      106:  664:        pthread_mutex_lock(&engine->compile_done_mutex);
      106:  665:        pthread_cond_broadcast(&engine->compile_done_cond);
      106:  666:        pthread_mutex_unlock(&engine->compile_done_mutex);
        -:  667:
        -:  668:        /* Fire compile-event callback (success path). */
      106:  669:        pthread_mutex_lock(&engine->cb_mutex);
      106:  670:        cjit_compile_callback_t cb2 = engine->compile_cb;
      106:  671:        void *cb2_ud = engine->compile_cb_userdata;
      106:  672:        pthread_mutex_unlock(&engine->cb_mutex);
      106:  673:        if (cb2) {
        -:  674:            cjit_compile_event_t ev;
        2:  675:            memset(&ev, 0, sizeof(ev));
        2:  676:            ev.func_id    = task.func_id;
        2:  677:            snprintf(ev.func_name, sizeof(ev.func_name), "%s", entry->name);
        2:  678:            ev.level      = task.target_level;
        2:  679:            ev.success    = true;
        2:  680:            ev.timed_out  = false;
        2:  681:            ev.cache_hit  = cres.cache_hit;
        2:  682:            ev.duration_ms = dur_ms;
        2:  683:            cb2(&ev, cb2_ud);
        -:  684:        }
        -:  685:
      106:  686:        if (engine->cfg.verbose)
        4:  687:            fprintf(stderr,
        -:  688:                    "[cjit/compiler#%u] swapped '%s' -> O%d (ver %lu)\n",
        4:  689:                    me, entry->name, (int)task.target_level,
        4:  690:                    (unsigned long)atomic_load_explicit(&entry->version,
        -:  691:                                                        memory_order_relaxed));
        -:  692:    }
        -:  693:
      149:  694:    return NULL;
        -:  695:}
        -:  696:
        -:  697:/* ══════════════════════════ monitor thread ════════════════════════════════ */
        -:  698:
        -:  699:/**
        -:  700: * Main loop of the hot-function monitor thread.
        -:  701: *
        -:  702: * Algorithm: EMA-smoothed confidence-based tier promotion
        -:  703: * ────────────────────────────────────────────────────────
        -:  704: * All state is LOCAL to this function (zero hot-path overhead):
        -:  705: *
        -:  706: *   prev_cnt[i]       – call_cnt at the previous scan
        -:  707: *   ema_rate[i]       – exponential moving average of calls/sec
        -:  708: *                       α = 2 / (hot_confirm_cycles + 1)
        -:  709: *   cnt_at_compile[i] – call_cnt when the last compile task was enqueued
        -:  710: *   last_queued_ms[i] – monotonic timestamp of the last enqueue
        -:  711: *   prefetch_done[i]  – true once a prefetch request has been submitted
        -:  712: *
        -:  713: * Per-scan decision for function i:
        -:  714: *
        -:  715: *   delta = call_cnt[i] - prev_cnt[i]
        -:  716: *   rate  = delta * 1000 / interval_ms       (instantaneous calls/sec)
        -:  717: *   ema   = α × rate + (1 − α) × ema         (smoothed)
        -:  718: *
        -:  719: *   Warm-up prefetch (zero-overhead, one-shot):
        -:  720: *     if ema >= hot_rate_t1/10 AND ir is COLD AND !prefetch_done[i]:
        -:  721: *       ir_cache_prefetch(…)     ← non-blocking, returns immediately
        -:  722: *       prefetch_done[i] = true
        -:  723: *     By the time hot_confirm_cycles cycles pass and a compile task fires,
        -:  724: *     the IR is already in memory.
        -:  725: *
        -:  726: *   T1 (OPT_O2):
        -:  727: *     if ema >= hot_rate_t1:
        -:  728: *       if (now − last_queued_ms[i]) >= effective_cooloff:  enqueue O2
        -:  729: *     else: ema decays naturally; no explicit reset needed
        -:  730: *
        -:  731: *   T2 (OPT_O3 upgrade from O2):
        -:  732: *     same gate, plus (call_cnt[i] − cnt_at_compile[i]) >= min_calls_for_tier2
        -:  733: *
        -:  734: *   Adaptive cooloff:
        -:  735: *     effective_cooloff = max(cfg.compile_cooloff_ms,
        -:  736: *                             2 × entry->last_compile_duration_ms)
        -:  737: *     Re-enqueuing before the previous compile likely completed is prevented.
        -:  738: */
       83:  739:static void *monitor_thread_fn(void *arg)
        -:  740:{
       83:  741:    cjit_engine_t *engine    = (cjit_engine_t *)arg;
       83:  742:    uint32_t       max_funcs = engine->cfg.max_functions;
       83:  743:    uint32_t       itvl_ms   = engine->cfg.monitor_interval_ms;
      83*:  744:    uint32_t       itvl_safe = itvl_ms > 0 ? itvl_ms : 1;
        -:  745:
        -:  746:    /* EMA coefficient: α = 2 / (hot_confirm_cycles + 1).
        -:  747:     * hot_confirm_cycles >= 1 enforced by cjit_create. */
       83:  748:    float alpha = 2.0f / (float)(engine->cfg.hot_confirm_cycles + 1);
        -:  749:
        -:  750:    /*
        -:  751:     * Per-function monitoring state, private to this thread.
        -:  752:     *
        -:  753:     * Allocated as ONE contiguous block so that the monitor scan loop
        -:  754:     * (which steps through all arrays in lockstep) benefits from spatial
        -:  755:     * locality.  Layout (descending alignment to avoid padding gaps):
        -:  756:     *
        -:  757:     *   [uint64_t × max_funcs] prev_cnt
        -:  758:     *   [uint64_t × max_funcs] cnt_at_compile
        -:  759:     *   [uint64_t × max_funcs] last_queued_ms
        -:  760:     *   [uint64_t × max_funcs] prev_elapsed       ← nanosecond baseline
        -:  761:     *   [float    × max_funcs] ema_rate
        -:  762:     *   [float    × max_funcs] prev_ema_rate       ← for slope extrapolation
        -:  763:     *   [float    × max_funcs] ema_ns_per_sec      ← CPU-time EMA (ns/s)
        -:  764:     *   [uint32_t × max_funcs] hot_scan_streak
        -:  765:     *   [bool     × max_funcs] prefetch_done
        -:  766:     *
        -:  767:     * hot_scan_streak[i] counts consecutive monitor scans where
        -:  768:     * ema_rate[i] was >= the scaled rate threshold for function i.
        -:  769:     * Promotion only happens once the streak reaches:
        -:  770:     *   hot_confirm_cycles + recompile_count[i] × extra_streak_per_recompile
        -:  771:     * This ensures each successive recompile requires a proportionally
        -:  772:     * longer observation window, preventing promotions based on
        -:  773:     * insufficient or transient data.
        -:  774:     *
        -:  775:     * prev_ema_rate[i] holds the EMA value from the previous scan cycle.
        -:  776:     * The per-cycle delta (ema_rate[i] - prev_ema_rate[i]) is the "slope"
        -:  777:     * used for predictive promotion lookahead.
        -:  778:     */
       83:  779:    size_t monitor_block_sz =
       83:  780:        (size_t)max_funcs * (4 * sizeof(uint64_t) + 3 * sizeof(float)
        -:  781:                             + sizeof(uint32_t) + 2 * sizeof(bool));
       83:  782:    void *monitor_block = calloc(1, monitor_block_sz);
       83:  783:    if (!monitor_block) {
    #####:  784:        fprintf(stderr, "[cjit/monitor] FATAL: cannot allocate monitor state (%zu B)\n", monitor_block_sz);
    #####:  785:        return NULL;
        -:  786:    }
        -:  787:
       83:  788:    uint64_t *prev_cnt          = (uint64_t *)monitor_block;
       83:  789:    uint64_t *cnt_at_compile    = prev_cnt          + max_funcs;
       83:  790:    uint64_t *last_queued_ms    = cnt_at_compile    + max_funcs;
       83:  791:    uint64_t *prev_elapsed      = last_queued_ms    + max_funcs;
       83:  792:    float    *ema_rate          = (float   *)(void *)(prev_elapsed      + max_funcs);
       83:  793:    float    *prev_ema_rate     = (float   *)(void *)(ema_rate          + max_funcs);
       83:  794:    float    *ema_ns_per_sec    = (float   *)(void *)(prev_ema_rate     + max_funcs);
       83:  795:    uint32_t *hot_scan_streak   = (uint32_t *)(void *)(ema_ns_per_sec   + max_funcs);
       83:  796:    bool     *prefetch_done     = (bool    *)(void *)(hot_scan_streak   + max_funcs);
       83:  797:    bool     *tier_skip_pending = (bool    *)(void *)(prefetch_done     + max_funcs);
        -:  798:
        -:  799:    struct timespec interval;
       83:  800:    interval.tv_sec  = itvl_ms / 1000;
       83:  801:    interval.tv_nsec = (long)(itvl_ms % 1000) * 1000000L;
        -:  802:
        -:  803:    /* Low-watermark rate at which we prefetch COLD IR: 10 % of the T1 gate.
        -:  804:     * This is intentionally generous — prefetch is cheap and cancels itself
        -:  805:     * if the function never becomes truly hot. */
       83:  806:    uint64_t prefetch_rate_threshold = engine->cfg.hot_rate_t1 / 10;
      83*:  807:    if (prefetch_rate_threshold == 0) prefetch_rate_threshold = 1;
        -:  808:
      927:  809:    while (!atomic_load_explicit(&engine->stop_requested, memory_order_acquire)) {
      846:  810:        nanosleep(&interval, NULL);
        -:  811:
      844:  812:        uint64_t now = engine_now_ms();
        -:  813:        /* Engine uptime, used to gate O3 promotions during startup. */
     1688:  814:        uint64_t uptime_ms = (now >= engine->start_ms)
     844*:  815:                                 ? (now - engine->start_ms) : 0;
      844:  816:        uint32_t n   = atomic_load_explicit(&engine->ftable->count,
        -:  817:                                             memory_order_acquire);
        -:  818:
     2394:  819:        for (uint32_t i = 0; i < n; ++i) {
     1550:  820:            func_table_entry_t *entry = &engine->ftable->entries[i];
        -:  821:
        -:  822:            /* ── Update EMA ────────────────────────────────────────────── */
     1550:  823:            uint64_t cur_cnt = atomic_load_explicit(&entry->call_cnt,
        -:  824:                                                     memory_order_relaxed);
     1550:  825:            uint64_t delta   = cur_cnt - prev_cnt[i];
     1550:  826:            prev_cnt[i]      = cur_cnt;
        -:  827:
        -:  828:            /* Guard against overflow in delta * 1000ULL and catch counter
        -:  829:             * anomalies (e.g. bugs that produce runaway counters).
        -:  830:             * 1e12 calls/sec over any interval is physically impossible;
        -:  831:             * clamping here makes the rate saturate gracefully rather than
        -:  832:             * wrap to a misleadingly small value. */
     1550:  833:            if (delta > (uint64_t)1000000000000ULL)
    #####:  834:                delta = (uint64_t)1000000000000ULL;
     1550:  835:            uint64_t inst_rate = delta * 1000ULL / itvl_safe;  /* calls/sec */
        -:  836:
        -:  837:            /*
        -:  838:             * Update EMA and track the per-scan slope for predictive promotion.
        -:  839:             *
        -:  840:             * slope = new_ema − old_ema  (calls/sec gained per scan cycle)
        -:  841:             *
        -:  842:             * A positive slope means the call rate is currently rising.  The
        -:  843:             * predictive promotion feature extrapolates:
        -:  844:             *
        -:  845:             *   predicted_rate = ema_rate + slope × lookahead_cycles
        -:  846:             *
        -:  847:             * and uses predicted_rate for threshold comparisons instead of the
        -:  848:             * raw EMA.  This fires promotions earlier when the rate is trending
        -:  849:             * upward, reducing first-compile latency during fast-ramp workloads.
        -:  850:             */
     1550:  851:            float old_ema   = ema_rate[i];
     1550:  852:            ema_rate[i]     = old_ema + alpha * ((float)inst_rate - old_ema);
     1550:  853:            float ema_slope = ema_rate[i] - prev_ema_rate[i];
     1550:  854:            prev_ema_rate[i] = ema_rate[i];
        -:  855:
        -:  856:            /*
        -:  857:             * Update the CPU-time EMA (nanoseconds/second).
        -:  858:             *
        -:  859:             * Read the cumulative elapsed nanoseconds for this function, take
        -:  860:             * the delta since the last scan, and convert to ns/sec using the
        -:  861:             * same interval divisor as the call-rate EMA.
        -:  862:             *
        -:  863:             * Clamped to 1e15 ns/sec (> 10^6 × CPU speed) to prevent overflow
        -:  864:             * in the float EMA from impossible counter values.
        -:  865:             */
     1550:  866:            uint64_t cur_elapsed = atomic_load_explicit(&entry->total_elapsed_ns,
        -:  867:                                                         memory_order_relaxed);
     1550:  868:            uint64_t delta_ns    = cur_elapsed - prev_elapsed[i];
     1550:  869:            prev_elapsed[i]      = cur_elapsed;
     1550:  870:            if (delta_ns > (uint64_t)1000000000000000ULL)
    #####:  871:                delta_ns = (uint64_t)1000000000000000ULL;
     1550:  872:            uint64_t inst_ns_per_sec = delta_ns * 1000ULL / itvl_safe;
     1550:  873:            ema_ns_per_sec[i] = ema_ns_per_sec[i]
     1550:  874:                              + alpha * ((float)inst_ns_per_sec - ema_ns_per_sec[i]);
        -:  875:
     1550:  876:            opt_level_t cur_level =
     1550:  877:                (opt_level_t)atomic_load_explicit(&entry->cur_level,
        -:  878:                                                   memory_order_relaxed);
        -:  879:
        -:  880:            /* Already at maximum tier. */
     1550:  881:            if (cur_level >= OPT_O3) {
        -:  882:                /* Clear pending flag once the skip target has been reached. */
      202:  883:                tier_skip_pending[i] = false;
     1524:  884:                continue;
        -:  885:            }
        -:  886:
        -:  887:            /* ── Pinned: skip auto-promotion ────────────────────────────── */
     1348:  888:            if (atomic_load_explicit(&entry->pinned, memory_order_relaxed))
       18:  889:                continue;
        -:  890:
        -:  891:            /* ── Warm-up prefetch (one-shot, non-blocking) ─────────────── */
     1330:  892:            if (!prefetch_done[i] && engine->ir_cache &&
     2218:  893:                (uint64_t)ema_rate[i] >= prefetch_rate_threshold &&
      888:  894:                ir_cache_get_generation(engine->ir_cache, (func_id_t)i)
        -:  895:                    == IRC_GEN_COLD) {
    #####:  896:                if (ir_cache_prefetch(engine->ir_cache, (func_id_t)i))
    #####:  897:                    prefetch_done[i] = true;
        -:  898:            }
        -:  899:
        -:  900:            /* ── Tier-skip optimization ─────────────────────────────────── */
        -:  901:            /*
        -:  902:             * When tier_skip_multiplier > 0 and the function has not yet
        -:  903:             * been compiled, check whether the call rate already exceeds
        -:  904:             * (hot_rate_t2 × multiplier).  If so, issue an OPT_O3 task
        -:  905:             * directly (skip the intermediate OPT_O2 tier), saving one
        -:  906:             * complete compiler invocation.
        -:  907:             *
        -:  908:             * The same hot_confirm_cycles gate applies, so the function must
        -:  909:             * sustain the elevated rate for the full streak before the skip
        -:  910:             * fires — transient spikes do not trigger this path.
        -:  911:             *
        -:  912:             * When this path fires the normal T1/T2 gate below is skipped.
        -:  913:             */
     1330:  914:            if (engine->cfg.tier_skip_multiplier > 0.0f &&
        4:  915:                cur_level < OPT_O2 &&
        4:  916:                !tier_skip_pending[i]) {
        2:  917:                float skip_thresh =
        2:  918:                    (float)engine->cfg.hot_rate_t2 * engine->cfg.tier_skip_multiplier;
        2:  919:                if (ema_rate[i] >= skip_thresh) {
        -:  920:                    /* Reload streak and recompile cap. */
        2:  921:                    uint32_t rc_skip = atomic_load_explicit(&entry->recompile_count,
        -:  922:                                                             memory_order_relaxed);
       2*:  923:                    if (rc_skip < engine->cfg.max_recompiles_per_func) {
        2:  924:                        uint32_t req_streak = engine->cfg.hot_confirm_cycles
        2:  925:                            + rc_skip * engine->cfg.extra_streak_per_recompile;
        2:  926:                        hot_scan_streak[i]++;
        2:  927:                        if (hot_scan_streak[i] >= req_streak) {
        2:  928:                            uint64_t now2 = engine_now_ms();
        2:  929:                            uint32_t last_dur =
        2:  930:                                atomic_load_explicit(&entry->last_compile_duration_ms,
        -:  931:                                                     memory_order_relaxed);
        2:  932:                            uint64_t eff_cooloff =
        2:  933:                                engine->cfg.compile_cooloff_ms > 2 * last_dur
        2:  934:                                    ? engine->cfg.compile_cooloff_ms
       2*:  935:                                    : 2 * (uint64_t)last_dur;
        2:  936:                            if ((now2 - last_queued_ms[i]) >= eff_cooloff) {
        2:  937:                                uint32_t ver =
        2:  938:                                    atomic_load_explicit(&entry->version,
        -:  939:                                                          memory_order_relaxed);
        2:  940:                                bool already =
        2:  941:                                    atomic_load_explicit(&entry->in_queue,
        -:  942:                                                          memory_order_relaxed);
        2:  943:                                if (!already) {
        2:  944:                                    bool exp2 = false;
        2:  945:                                    if (atomic_compare_exchange_strong_explicit(
        -:  946:                                            &entry->in_queue, &exp2, true,
        -:  947:                                            memory_order_relaxed,
        -:  948:                                            memory_order_relaxed)) {
        2:  949:                                        compile_task_t task = {
        -:  950:                                            .func_id      = (func_id_t)i,
        -:  951:                                            .target_level = OPT_O3,
        -:  952:                                            .priority     = 2,
        -:  953:                                            .version_req  = ver,
        2:  954:                                            .call_rate    = (uint64_t)ema_rate[i],
        -:  955:                                        };
        2:  956:                                        if (engine_enqueue_task(engine, &task)) {
        2:  957:                                            last_queued_ms[i]   = now2;
        2:  958:                                            cnt_at_compile[i]   = cur_cnt;
        2:  959:                                            hot_scan_streak[i]  = 0;
        2:  960:                                            tier_skip_pending[i] = true;
        2:  961:                                            atomic_fetch_add_explicit(
        -:  962:                                                &engine->stat_tier_skips, 1,
        -:  963:                                                memory_order_relaxed);
        2:  964:                                            if (engine->cfg.verbose)
    #####:  965:                                                fprintf(stderr,
        -:  966:                                                    "[cjit/monitor] tier-skip '%s' → O3"
        -:  967:                                                    " (rate=%.0f skip_thresh=%.0f)\n",
    #####:  968:                                                    entry->name,
    #####:  969:                                                    (double)ema_rate[i],
        -:  970:                                                    (double)skip_thresh);
        2:  971:                                            continue;
        -:  972:                                        }
    #####:  973:                                        atomic_store_explicit(&entry->in_queue, false,
        -:  974:                                                              memory_order_relaxed);
        -:  975:                                    }
        -:  976:                                }
        -:  977:                            }
        -:  978:                        }
    #####:  979:                        continue; /* handled by tier-skip path; skip normal gate */
        -:  980:                    }
        -:  981:                }
        -:  982:            }
        -:  983:
        -:  984:            /* ── Tier promotion gate ────────────────────────────────────── */
        -:  985:
        -:  986:            /*
        -:  987:             * Load how many times this function has already been JIT-compiled.
        -:  988:             * Used below to scale thresholds so each successive recompile
        -:  989:             * requires progressively stronger evidence of sustained benefit.
        -:  990:             */
     1328:  991:            uint32_t rc = atomic_load_explicit(&entry->recompile_count,
        -:  992:                                               memory_order_relaxed);
        -:  993:
        -:  994:            /*
        -:  995:             * Gate 1 – Hard recompile cap.
        -:  996:             *
        -:  997:             * Once a function has been recompiled max_recompiles_per_func
        -:  998:             * times the monitor stops considering it, preventing infinite
        -:  999:             * recompilation loops and cache-thrashing for diminishing gains.
        -: 1000:             * Reset the streak so a later inspection (e.g. after a cfg change)
        -: 1001:             * sees a clean slate.
        -: 1002:             */
    1328*: 1003:            if (rc >= engine->cfg.max_recompiles_per_func) {
    #####: 1004:                hot_scan_streak[i] = 0;
    #####: 1005:                continue;
        -: 1006:            }
        -: 1007:
        -: 1008:            opt_level_t target;
        -: 1009:            uint64_t    rate_thresh;
        -: 1010:            uint64_t    ns_thresh;
     1328: 1011:            if (cur_level < OPT_O2) {
      408: 1012:                target      = OPT_O2;
      408: 1013:                rate_thresh = engine->cfg.hot_rate_t1;
      408: 1014:                ns_thresh   = engine->cfg.cpu_hot_ns_per_sec_t1;
        -: 1015:            } else {
      920: 1016:                target      = OPT_O3;
      920: 1017:                rate_thresh = engine->cfg.hot_rate_t2;
      920: 1018:                ns_thresh   = engine->cfg.cpu_hot_ns_per_sec_t2;
        -: 1019:            }
        -: 1020:
        -: 1021:            /*
        -: 1022:             * Gate 2 – Scaled rate threshold (call rate) AND/OR CPU-time
        -: 1023:             * threshold.
        -: 1024:             *
        -: 1025:             * The call-rate EMA path remains the primary signal and uses
        -: 1026:             * the same per-recompile scaled threshold as before.  In
        -: 1027:             * addition, when cpu_hot_ns_per_sec_t1/t2 is non-zero, the
        -: 1028:             * monitor also evaluates a CPU-time EMA gate: a function that
        -: 1029:             * is called infrequently but runs for a long time per call can
        -: 1030:             * be promoted based on nanoseconds-per-second even if it never
        -: 1031:             * crosses the call-rate threshold.
        -: 1032:             *
        -: 1033:             * The same recompile-count scale factor is applied to the ns
        -: 1034:             * threshold, preventing repeated O3 promotions for diminishing
        -: 1035:             * CPU-time gains.
        -: 1036:             *
        -: 1037:             * Both EMAs use the same alpha (smoothing period), so they
        -: 1038:             * track on the same time scale.
        -: 1039:             *
        -: 1040:             * "Hot" condition: rate_hot OR (ns_thresh > 0 AND ns_hot)
        -: 1041:             *
        -: 1042:             * Cap at 64× base (same as call-rate path) to avoid overflow.
        -: 1043:             */
     1328: 1044:            uint64_t scaled_rate_thresh = rate_thresh;
     1328: 1045:            if (engine->cfg.recompile_rate_scale_pct > 0 && rc > 0) {
     1195: 1046:                uint64_t bump = rate_thresh
     1195: 1047:                                * (uint64_t)rc
     1195: 1048:                                * engine->cfg.recompile_rate_scale_pct
        -: 1049:                                / 100ULL;
     1195: 1050:                uint64_t max_bump = rate_thresh * 63ULL;
    1195*: 1051:                if (bump > max_bump) bump = max_bump;
     1195: 1052:                scaled_rate_thresh = rate_thresh + bump;
        -: 1053:            }
        -: 1054:
     1328: 1055:            uint64_t scaled_ns_thresh = ns_thresh;
    1328*: 1056:            if (ns_thresh > 0 && engine->cfg.recompile_rate_scale_pct > 0 && rc > 0) {
    #####: 1057:                uint64_t bump = ns_thresh
    #####: 1058:                                * (uint64_t)rc
    #####: 1059:                                * engine->cfg.recompile_rate_scale_pct
        -: 1060:                                / 100ULL;
    #####: 1061:                uint64_t max_bump = ns_thresh * 63ULL;
    #####: 1062:                if (bump > max_bump) bump = max_bump;
    #####: 1063:                scaled_ns_thresh = ns_thresh + bump;
        -: 1064:            }
        -: 1065:
     1328: 1066:            bool rate_hot = ((uint64_t)ema_rate[i] >= scaled_rate_thresh);
    1328*: 1067:            bool ns_hot   = (scaled_ns_thresh > 0 &&
    #####: 1068:                             (uint64_t)ema_ns_per_sec[i] >= scaled_ns_thresh);
        -: 1069:
        -: 1070:            /*
        -: 1071:             * Predictive promotion: if the call-rate EMA has been rising
        -: 1072:             * (positive slope) and prediction_lookahead_cycles > 0, extrapolate
        -: 1073:             * the rate forward to see if it will cross the threshold within the
        -: 1074:             * lookahead window.  A positive prediction triggers a "predictive
        -: 1075:             * hot" condition that counts toward the streak even if the raw EMA
        -: 1076:             * has not yet reached the threshold.
        -: 1077:             *
        -: 1078:             * We clamp the slope contribution to the threshold value to prevent
        -: 1079:             * a single extreme spike from masking as a sustained trend.
        -: 1080:             *
        -: 1081:             * The counter stat_predictive_promos is incremented only when the
        -: 1082:             * predictive signal is the deciding factor (i.e., rate_hot was false
        -: 1083:             * but predicted_hot would be true) AND the streak gate is met.
        -: 1084:             */
     1328: 1085:            bool predicted_hot = false;
     1328: 1086:            if (!rate_hot && engine->cfg.prediction_lookahead_cycles > 0
    #####: 1087:                          && ema_slope > 0.0f) {
    #####: 1088:                float max_slope_contrib = (float)scaled_rate_thresh;
    #####: 1089:                float slope_contrib = ema_slope
    #####: 1090:                    * (float)engine->cfg.prediction_lookahead_cycles;
    #####: 1091:                if (slope_contrib > max_slope_contrib)
    #####: 1092:                    slope_contrib = max_slope_contrib;
    #####: 1093:                predicted_hot = ((ema_rate[i] + slope_contrib) >=
    #####: 1094:                                 (float)scaled_rate_thresh);
        -: 1095:            }
        -: 1096:
        -: 1097:            /* Neither signal crosses its threshold → cold scan, reset streak. */
     1328: 1098:            if (!rate_hot && !ns_hot && !predicted_hot) {
      470: 1099:                hot_scan_streak[i] = 0;
      470: 1100:                continue;
        -: 1101:            }
        -: 1102:
        -: 1103:            /* Increment the consecutive-above-threshold scan streak. */
      858: 1104:            if (hot_scan_streak[i] < UINT32_MAX) hot_scan_streak[i]++;
        -: 1105:
        -: 1106:            /*
        -: 1107:             * Gate 3 – Stability streak (data sufficiency).
        -: 1108:             *
        -: 1109:             * Required streak = hot_confirm_cycles
        -: 1110:             *                 + rc × extra_streak_per_recompile.
        -: 1111:             *
        -: 1112:             * A function that has already been recompiled rc times must
        -: 1113:             * demonstrate sustained hotness over a proportionally longer
        -: 1114:             * observation window.  This is the primary "enough data" gate:
        -: 1115:             * a transient spike that dies after a few scans resets the streak
        -: 1116:             * to 0 and must prove itself again from scratch.
        -: 1117:             *
        -: 1118:             * Saturating arithmetic throughout to handle extreme rc values.
        -: 1119:             */
      858: 1120:            uint32_t req_streak = engine->cfg.hot_confirm_cycles;
        -: 1121:            {
      858: 1122:                uint32_t extra = engine->cfg.extra_streak_per_recompile;
      858: 1123:                uint32_t rc_extra = (extra == 0 || rc == 0)
        -: 1124:                                        ? 0
     1716: 1125:                                        : ((rc <= UINT32_MAX / extra)
     793*: 1126:                                               ? rc * extra : UINT32_MAX);
     1716: 1127:                req_streak = (req_streak <= UINT32_MAX - rc_extra)
     858*: 1128:                                 ? req_streak + rc_extra : UINT32_MAX;
        -: 1129:            }
      858: 1130:            if (hot_scan_streak[i] < req_streak) continue;
        -: 1131:
        -: 1132:            /* Adaptive cooloff: max(cfg.compile_cooloff_ms,
        -: 1133:             *                       2 × last_compile_duration_ms). */
      758: 1134:            uint32_t last_dur = atomic_load_explicit(
        -: 1135:                &entry->last_compile_duration_ms, memory_order_relaxed);
      758: 1136:            uint32_t effective_cooloff = engine->cfg.compile_cooloff_ms;
        -: 1137:            /* Saturating multiply: last_dur * 2, clamped to UINT32_MAX. */
     1516: 1138:            uint32_t last_dur_x2 = (last_dur <= UINT32_MAX / 2)
     758*: 1139:                                       ? last_dur * 2 : UINT32_MAX;
      758: 1140:            if (last_dur_x2 > effective_cooloff)
        2: 1141:                effective_cooloff = last_dur_x2;
        -: 1142:
     758*: 1143:            if ((now - last_queued_ms[i]) < effective_cooloff) continue;
        -: 1144:
      758: 1145:            if (target == OPT_O3) {
        -: 1146:                /*
        -: 1147:                 * Gate 4 – Uptime gate for O3.
        -: 1148:                 *
        -: 1149:                 * Suppress O3 promotions until the engine has been running
        -: 1150:                 * for at least min_uptime_for_tier2_ms milliseconds.  Startup
        -: 1151:                 * call spikes (module init, JIT warmup, memory layout settling)
        -: 1152:                 * do not represent steady-state behaviour; compiling to O3
        -: 1153:                 * based on them wastes CPU and I-cache for code that will
        -: 1154:                 * rarely be called at the same intensity again.
        -: 1155:                 */
      734: 1156:                if (uptime_ms < engine->cfg.min_uptime_for_tier2_ms) continue;
        -: 1157:
        -: 1158:                /*
        -: 1159:                 * Gate 5 – Scaled min-calls for O3.
        -: 1160:                 *
        -: 1161:                 * Each successive recompile multiplies the minimum required
        -: 1162:                 * call count since the last promotion by (1 + rc), ensuring
        -: 1163:                 * the engine has collected proportionally more real-world
        -: 1164:                 * usage data before attempting another expensive upgrade.
        -: 1165:                 *
        -: 1166:                 * Saturating multiply to handle extreme rc values.
        -: 1167:                 */
        2: 1168:                uint64_t calls_since    = cur_cnt - cnt_at_compile[i];
        2: 1169:                uint64_t scaled_min_calls = engine->cfg.min_calls_for_tier2;
        2: 1170:                uint64_t mult = (uint64_t)(1 + rc);
        2: 1171:                if (scaled_min_calls <= UINT64_MAX / mult)
        2: 1172:                    scaled_min_calls *= mult;
        -: 1173:                else
    #####: 1174:                    scaled_min_calls = UINT64_MAX;
       2*: 1175:                if (calls_since < scaled_min_calls) continue;
        -: 1176:            }
        -: 1177:
        -: 1178:            /* ── Enqueue ────────────────────────────────────────────────── */
       26: 1179:            bool expected = false;
      26*: 1180:            if (!atomic_compare_exchange_strong_explicit(
        -: 1181:                    &entry->in_queue, &expected, true,
        -: 1182:                    memory_order_relaxed, memory_order_relaxed))
    #####: 1183:                continue;
        -: 1184:
       52: 1185:            compile_task_t task = {
       26: 1186:                .func_id      = entry->id,
        -: 1187:                .target_level = target,
       26: 1188:                .priority     = (target == OPT_O3) ? 2 : 1,
       26: 1189:                .version_req  = atomic_load_explicit(&entry->version,
        -: 1190:                                                      memory_order_relaxed),
       26: 1191:                .call_rate    = (uint64_t)ema_rate[i],
        -: 1192:            };
        -: 1193:
       26: 1194:            if (!engine_enqueue_task(engine, &task)) {
    #####: 1195:                atomic_store_explicit(&entry->in_queue, false,
        -: 1196:                                      memory_order_relaxed);
        -: 1197:            } else {
       26: 1198:                cnt_at_compile[i]   = cur_cnt;
       26: 1199:                last_queued_ms[i]   = now;
       26: 1200:                hot_scan_streak[i]  = 0;  /* fresh evidence required for next tier */
       26: 1201:                prefetch_done[i]    = false;
        -: 1202:                /* Bookkeeping: was this a predictive promotion? */
      26*: 1203:                if (predicted_hot && !rate_hot && !ns_hot) {
    #####: 1204:                    atomic_fetch_add_explicit(&engine->stat_predictive_promos, 1,
        -: 1205:                                              memory_order_relaxed);
        -: 1206:                }
       26: 1207:                if (engine->cfg.verbose)
    #####: 1208:                    fprintf(stderr,
        -: 1209:                            "[cjit/monitor] enqueued '%s' for O%d "
        -: 1210:                            "(ema=%.0fcps ema_ns=%.0fns/s streak=%u/%u rc=%u cooloff=%ums%s)\n",
    #####: 1211:                            entry->name, (int)target,
    #####: 1212:                            (double)ema_rate[i],
    #####: 1213:                            (double)ema_ns_per_sec[i],
    #####: 1214:                            hot_scan_streak[i], req_streak,
        -: 1215:                            rc, effective_cooloff,
    #####: 1216:                            (predicted_hot && !rate_hot) ? " [predictive]" : "");
        -: 1217:            }
        -: 1218:        }
        -: 1219:    }
        -: 1220:
       81: 1221:    free(monitor_block);
       81: 1222:    return NULL;
        -: 1223:}
        -: 1224:
        -: 1225:/* ══════════════════════════ public API ════════════════════════════════════ */
        -: 1226:
       89: 1227:cjit_config_t cjit_default_config(void)
        -: 1228:{
        -: 1229:    cjit_config_t cfg;
       89: 1230:    memset(&cfg, 0, sizeof(cfg));
       89: 1231:    cfg.max_functions = CJIT_MAX_FUNCTIONS;
        -: 1232:
        -: 1233:    /*
        -: 1234:     * Default compiler thread count: (online CPUs - 1) reserved for callers.
        -: 1235:     *
        -: 1236:     * We use sched_getaffinity() first: in containers and cgroup-restricted
        -: 1237:     * environments it returns the number of CPUs actually *available* to this
        -: 1238:     * process, which may be less than the total online count reported by
        -: 1239:     * sysconf(_SC_NPROCESSORS_ONLN).  Falls back to sysconf on error.
        -: 1240:     */
       89: 1241:    long ncpu = -1;
        -: 1242:#ifdef __linux__
        -: 1243:    {
        -: 1244:        cpu_set_t cs;
       89: 1245:        if (sched_getaffinity(0, sizeof(cs), &cs) == 0)
       89: 1246:            ncpu = (long)CPU_COUNT(&cs);
        -: 1247:    }
        -: 1248:#endif
       89: 1249:    if (ncpu <= 0)
    #####: 1250:        ncpu = sysconf(_SC_NPROCESSORS_ONLN);
      89*: 1251:    uint32_t nthreads = (ncpu > 1) ? (uint32_t)(ncpu - 1) : 1;
[...]
        -: 1927:
        -: 1928:    /* Request recompilation at the specified level. */
        4: 1929:    cjit_request_recompile(engine, id, level);
        4: 1930:    return true;
        -: 1931:}
        -: 1932:
       24: 1933:bool cjit_wait_compiled(cjit_engine_t *engine,
        -: 1934:                        func_id_t      id,
        -: 1935:                        uint32_t       timeout_ms)
        -: 1936:{
      24*: 1937:    if (!engine) return false;
       24: 1938:    func_table_entry_t *entry = func_table_get(engine->ftable, id);
      24*: 1939:    if (!entry) return false;
        -: 1940:
        -: 1941:    /* Fast path: already compiled (or AOT fallback is set). */
       24: 1942:    if (atomic_load_explicit(&entry->func_ptr, memory_order_acquire) != NULL)
        4: 1943:        return true;
        -: 1944:
       20: 1945:    if (timeout_ms == 0)
    #####: 1946:        return false;
        -: 1947:
        -: 1948:    /* Compute absolute deadline for pthread_cond_timedwait. */
        -: 1949:    struct timespec deadline;
       20: 1950:    clock_gettime(CLOCK_REALTIME, &deadline);
       20: 1951:    deadline.tv_sec  += (time_t)(timeout_ms / 1000);
       20: 1952:    deadline.tv_nsec += (long)(timeout_ms % 1000) * 1000000L;
       20: 1953:    if (deadline.tv_nsec >= 1000000000L) {
    #####: 1954:        deadline.tv_sec++;
    #####: 1955:        deadline.tv_nsec -= 1000000000L;
        -: 1956:    }
        -: 1957:
       20: 1958:    pthread_mutex_lock(&engine->compile_done_mutex);
       40: 1959:    while (atomic_load_explicit(&entry->func_ptr, memory_order_acquire) == NULL) {
       20: 1960:        int rc = pthread_cond_timedwait(&engine->compile_done_cond,
        -: 1961:                                        &engine->compile_done_mutex,
        -: 1962:                                        &deadline);
       20: 1963:        if (rc == ETIMEDOUT)
    #####: 1964:            break;
        -: 1965:    }
       20: 1966:    bool ready = (atomic_load_explicit(&entry->func_ptr, memory_order_acquire)
        -: 1967:                  != NULL);
       20: 1968:    pthread_mutex_unlock(&engine->compile_done_mutex);
       20: 1969:    return ready;
        -: 1970:}
        -: 1971:
        -: 1972:/* ══════════════════════════ Feature D: compile-event callback ═════════════ */
        -: 1973:
       10: 1974:void cjit_set_compile_callback(cjit_engine_t           *engine,
        -: 1975:                                cjit_compile_callback_t  cb,
        -: 1976:                                void                    *userdata)
        -: 1977:{
      10*: 1978:    if (!engine) return;
       10: 1979:    pthread_mutex_lock(&engine->cb_mutex);
       10: 1980:    engine->compile_cb          = cb;
       10: 1981:    engine->compile_cb_userdata = userdata;
       10: 1982:    pthread_mutex_unlock(&engine->cb_mutex);
        -: 1983:}
        -: 1984:
        -: 1985:/* ══════════════════════════ Feature E: function pinning ════════════════════ */
        -: 1986:
        2: 1987:bool cjit_pin_function(cjit_engine_t *engine, func_id_t id)
        -: 1988:{
       2*: 1989:    if (!engine) return false;
        2: 1990:    func_table_entry_t *e = func_table_get(engine->ftable, id);
       2*: 1991:    if (!e) return false;
        2: 1992:    atomic_store_explicit(&e->pinned, true, memory_order_relaxed);
        2: 1993:    return true;
        -: 1994:}
        -: 1995:
        2: 1996:bool cjit_unpin_function(cjit_engine_t *engine, func_id_t id)
        -: 1997:{
       2*: 1998:    if (!engine) return false;
        2: 1999:    func_table_entry_t *e = func_table_get(engine->ftable, id);
       2*: 2000:    if (!e) return false;
        2: 2001:    atomic_store_explicit(&e->pinned, false, memory_order_relaxed);
        2: 2002:    return true;
        -: 2003:}
        -: 2004:
        4: 2005:bool cjit_is_pinned(const cjit_engine_t *engine, func_id_t id)
        -: 2006:{
       4*: 2007:    if (!engine) return false;
        4: 2008:    func_table_entry_t *e = func_table_get(engine->ftable, id);
       4*: 2009:    if (!e) return false;
        4: 2010:    return atomic_load_explicit(&e->pinned, memory_order_relaxed);
        -: 2011:}
        -: 2012:
        -: 2013:/* ══════════════════════════ Feature F: IR snapshot export ══════════════════ */
        -: 2014:
        2: 2015:int cjit_snapshot_ir(cjit_engine_t *engine, const char *dir)
        -: 2016:{
       2*: 2017:    if (!engine || !dir) return -1;
        -: 2018:
        -: 2019:    /* Create the directory if it does not exist (mode 0700). */
        2: 2020:    if (mkdir(dir, 0700) != 0 && errno != EEXIST)
    #####: 2021:        return -1;
        -: 2022:
        2: 2023:    uint32_t nf = atomic_load_explicit(&engine->ftable->count,
        -: 2024:                                        memory_order_acquire);
       2*: 2025:    if (nf == 0) return 0;
        -: 2026:
        -: 2027:    /* Open the manifest file first; if this fails return error. */
        -: 2028:    char manifest_path[512];
        2: 2029:    snprintf(manifest_path, sizeof(manifest_path), "%s/manifest.txt", dir);
        2: 2030:    FILE *mf = fopen(manifest_path, "w");
       2*: 2031:    if (!mf) return -1;
        -: 2032:
        -: 2033:    static const char *gen_names[] = { "HOT", "WARM", "COLD" };
        -: 2034:
        2: 2035:    int written = 0;
        8: 2036:    for (uint32_t i = 0; i < nf; i++) {
        6: 2037:        func_table_entry_t *entry = &engine->ftable->entries[i];
        -: 2038:
        -: 2039:        /* Retrieve IR from the cache (promotes COLD → WARM as a side effect;
        -: 2040:         * returns a heap copy that we must free). */
        6: 2041:        char *ir = NULL;
        6: 2042:        if (engine->ir_cache)
        6: 2043:            ir = ir_cache_get_ir(engine->ir_cache, (func_id_t)i);
        -: 2044:
        6: 2045:        if (!ir) {
        -: 2046:            /* Fall back to the pointer in the function-table entry (may be
        -: 2047:             * the original registration pointer if not yet cached on disk). */
    #####: 2048:            ir = engine->ftable->entries[i].ir_source
    #####: 2049:                     ? strdup(engine->ftable->entries[i].ir_source)
    #####: 2050:                     : NULL;
        -: 2051:        }
        -: 2052:
        -: 2053:        /* Write the .c file. */
        6: 2054:        if (ir) {
        -: 2055:            char fpath[512];
        6: 2056:            snprintf(fpath, sizeof(fpath), "%s/%s.c", dir, entry->name);
        6: 2057:            FILE *fp = fopen(fpath, "w");
        6: 2058:            if (fp) {
        6: 2059:                fputs(ir, fp);
        6: 2060:                fputc('\n', fp);
        6: 2061:                fclose(fp);
        6: 2062:                written++;
        -: 2063:            }
        6: 2064:            free(ir);
        -: 2065:        }
        -: 2066:
        -: 2067:        /* Manifest line: id  name  gen  call_cnt  opt_level */
       6*: 2068:        uint8_t gen = engine->ir_cache
        6: 2069:            ? ir_cache_get_generation(engine->ir_cache, (func_id_t)i)
        -: 2070:            : (uint8_t)0;
       6*: 2071:        if (gen > 2) gen = 2;
        6: 2072:        uint64_t calls = atomic_load_explicit(&entry->call_cnt,
        -: 2073:                                               memory_order_relaxed);
        6: 2074:        int lvl = atomic_load_explicit(&entry->cur_level,
        -: 2075:                                        memory_order_relaxed);
        6: 2076:        fprintf(mf, "%u\t%s\t%s\t%llu\t%d\n",
        6: 2077:                i, entry->name, gen_names[gen],
        -: 2078:                (unsigned long long)calls, lvl);
        -: 2079:    }
        -: 2080:
        2: 2081:    fclose(mf);
        2: 2082:    return written;
        -: 2083:}
        -: 2084:
        -: 2085:/* ══════════════════════════ Feature G: per-function stats reset ════════════ */
        -: 2086:
        2: 2087:bool cjit_reset_function_stats(cjit_engine_t *engine, func_id_t id)
        -: 2088:{
       2*: 2089:    if (!engine) return false;
        2: 2090:    func_table_entry_t *e = func_table_get(engine->ftable, id);
       2*: 2091:    if (!e) return false;
        -: 2092:
        2: 2093:    atomic_store_explicit(&e->call_cnt,          0, memory_order_relaxed);
        2: 2094:    atomic_store_explicit(&e->total_elapsed_ns,  0, memory_order_relaxed);
        2: 2095:    atomic_store_explicit(&e->recompile_count,   0, memory_order_relaxed);
        -: 2096:
       66: 2097:    for (int k = 0; k < CJIT_HIST_BUCKETS; k++)
       64: 2098:        atomic_store_explicit(&e->hist_counts[k], 0, memory_order_relaxed);
        -: 2099:
        2: 2100:    return true;
        -: 2101:}
        -: 2102:
        -: 2103:/* ══════════════════════════ Feature H: queue drain ════════════════════════ */
        -: 2104:
       19: 2105:bool cjit_drain_queue(cjit_engine_t *engine, uint32_t timeout_ms)
        -: 2106:{
      19*: 2107:    if (!engine) return false;
        -: 2108:
       19: 2109:    uint64_t deadline = (timeout_ms == 0) ? 0 : (engine_now_ms() + timeout_ms);
        -: 2110:
        -: 2111:    do {
        -: 2112:        /* Sum all queue depths across both lanes for all compiler threads. */
      170: 2113:        uint32_t depth = 0;
      340: 2114:        for (uint32_t t = 0; t < engine->cfg.compiler_threads; t++) {
      170: 2115:            depth += mpmc_size(&engine->work_queues[2 * t + 0]);
      170: 2116:            depth += mpmc_size(&engine->work_queues[2 * t + 1]);
        -: 2117:        }
        -: 2118:
        -: 2119:        /* Also check active_compilations: a function may have been dequeued
        -: 2120:         * (in_queue cleared) but compilation is still in progress
        -: 2121:         * (compile_lock held inside the compiler thread). */
      170: 2122:        if (depth == 0 &&
       99: 2123:            atomic_load_explicit(&engine->active_compilations,
        -: 2124:                                 memory_order_relaxed) == 0)
       19: 2125:            return true;
        -: 2126:
      151: 2127:        if (timeout_ms == 0)
    #####: 2128:            return false;
        -: 2129:
      151: 2130:        struct timespec ts = { .tv_sec = 0, .tv_nsec = 5000000L }; /* 5 ms */
      151: 2131:        nanosleep(&ts, NULL);
        -: 2132:
      151: 2133:    } while (engine_now_ms() < deadline);
        -: 2134:
        -: 2135:    /* Final re-check. */
    #####: 2136:    uint32_t depth = 0;
    #####: 2137:    for (uint32_t t = 0; t < engine->cfg.compiler_threads; t++) {
    #####: 2138:        depth += mpmc_size(&engine->work_queues[2 * t + 0]);
    #####: 2139:        depth += mpmc_size(&engine->work_queues[2 * t + 1]);
        -: 2140:    }
    #####: 2141:    if (depth > 0) return false;
    #####: 2142:    if (atomic_load_explicit(&engine->active_compilations,
        -: 2143:                             memory_order_relaxed) > 0)
    #####: 2144:        return false;
    #####: 2145:    return true;
        -: 2146:}
        -: 2147:
        -: 2148:/* ══════════════════════════ Feature I: synchronous compile ════════════════ */
        -: 2149:
       74: 2150:bool cjit_compile_sync(cjit_engine_t *engine, func_id_t id, opt_level_t level)
        -: 2151:{
      74*: 2152:    if (!engine) return false;
       74: 2153:    func_table_entry_t *entry = func_table_get(engine->ftable, id);
      74*: 2154:    if (!entry) return false;
        -: 2155:
        -: 2156:    /* Build codegen options identical to the compiler thread. */
      222: 2157:    codegen_opts_t copts = {
       74: 2158:        .enable_inlining      = engine->cfg.enable_inlining,
       74: 2159:        .enable_vectorization = engine->cfg.enable_vectorization,
       74: 2160:        .enable_loop_unroll   = engine->cfg.enable_loop_unroll,
       74: 2161:        .enable_native_arch   = engine->cfg.enable_native_arch,
       74: 2162:        .enable_fast_math     = engine->cfg.enable_fast_math,
       74: 2163:        .verbose              = engine->cfg.verbose,
      74*: 2164:        .extra_cflags         = engine->cfg.extra_cflags[0] ? engine->cfg.extra_cflags : NULL,
      74*: 2165:        .cc_binary            = engine->cfg.cc_binary[0]    ? engine->cfg.cc_binary    : NULL,
       74: 2166:        .cache                = engine->artifact_cache,
       74: 2167:        .compile_timeout_ms   = engine->cfg.compile_timeout_ms,
        -: 2168:        .arg_profile          = NULL,
        -: 2169:    };
        -: 2170:
        -: 2171:    /* Fetch IR (promotes COLD → WARM as a side effect). */
       74: 2172:    char       *ir_cache_copy = NULL;
       74: 2173:    const char *ir_to_use     = NULL;
       74: 2174:    if (engine->ir_cache)
       74: 2175:        ir_cache_copy = ir_cache_get_ir(engine->ir_cache, id);
      74*: 2176:    ir_to_use = ir_cache_copy ? ir_cache_copy : entry->ir_source;
        -: 2177:
       74: 2178:    if (!ir_to_use) {
    #####: 2179:        free(ir_cache_copy);
    #####: 2180:        if (engine->cfg.verbose)
    #####: 2181:            fprintf(stderr, "[cjit/sync] no IR for '%s'\n", entry->name);
    #####: 2182:        return false;
        -: 2183:    }
        -: 2184:
        -: 2185:    /* Take the per-entry compile lock (blocking, unlike trylock in bg thread).
        -: 2186:     * This serialises against any concurrent background compilation.
        -: 2187:     * Count this as an active compilation so cjit_drain_queue() waits for us. */
       74: 2188:    atomic_fetch_add_explicit(&engine->active_compilations, 1,
        -: 2189:                              memory_order_relaxed);
       74: 2190:    pthread_mutex_lock(&entry->compile_lock);
        -: 2191:
        -: 2192:    /* Attach the current arg profile for potential specialisation. */
       74: 2193:    copts.arg_profile = &entry->arg_profile;
        -: 2194:
       74: 2195:    uint64_t t0 = engine_now_ms();
        -: 2196:    codegen_result_t cres;
       74: 2197:    bool ok = codegen_compile(entry->name, ir_to_use, level, &copts, &cres);
       74: 2198:    copts.arg_profile = NULL;
       74: 2199:    free(ir_cache_copy);
        -: 2200:
       74: 2201:    uint32_t dur_ms = (uint32_t)(engine_now_ms() - t0);
       74: 2202:    atomic_store_explicit(&entry->last_compile_duration_ms, dur_ms,
        -: 2203:                          memory_order_relaxed);
        -: 2204:
       74: 2205:    if (!ok) {
        2: 2206:        atomic_fetch_add_explicit(&engine->stat_failed, 1, memory_order_relaxed);
        2: 2207:        if (cres.timed_out)
    #####: 2208:            atomic_fetch_add_explicit(&engine->stat_timeouts, 1,
        -: 2209:                                      memory_order_relaxed);
        2: 2210:        pthread_mutex_unlock(&entry->compile_lock);
        2: 2211:        atomic_fetch_sub_explicit(&engine->active_compilations, 1,
        -: 2212:                                  memory_order_relaxed);
        -: 2213:
        -: 2214:        /* Wake cjit_wait_compiled() callers so they can detect the failure. */
        2: 2215:        pthread_mutex_lock(&engine->compile_done_mutex);
        2: 2216:        pthread_cond_broadcast(&engine->compile_done_cond);
        2: 2217:        pthread_mutex_unlock(&engine->compile_done_mutex);
        -: 2218:
        -: 2219:        /* Fire compile-event callback. */
        2: 2220:        pthread_mutex_lock(&engine->cb_mutex);
        2: 2221:        cjit_compile_callback_t cb = engine->compile_cb;
        2: 2222:        void *cb_ud = engine->compile_cb_userdata;
        2: 2223:        pthread_mutex_unlock(&engine->cb_mutex);
        2: 2224:        if (cb) {
        -: 2225:            cjit_compile_event_t ev;
        2: 2226:            memset(&ev, 0, sizeof(ev));
        2: 2227:            ev.func_id     = id;
        2: 2228:            snprintf(ev.func_name, sizeof(ev.func_name), "%s", entry->name);
        2: 2229:            ev.level       = level;
        2: 2230:            ev.success     = false;
        2: 2231:            ev.timed_out   = cres.timed_out;
        2: 2232:            ev.cache_hit   = false;
        2: 2233:            ev.duration_ms = dur_ms;
        2: 2234:            snprintf(ev.errmsg, sizeof(ev.errmsg), "%.255s", cres.errmsg);
        2: 2235:            cb(&ev, cb_ud);
        -: 2236:        }
        2: 2237:        return false;
        -: 2238:    }
        -: 2239:
       72: 2240:    atomic_fetch_add_explicit(&engine->stat_compilations, 1, memory_order_relaxed);
        -: 2241:
       72: 2242:    void *old_handle = func_table_swap(engine->ftable, id,
        -: 2243:                                        cres.fn, cres.handle, level);
       72: 2244:    atomic_fetch_add_explicit(&engine->stat_swaps, 1, memory_order_relaxed);
       72: 2245:    pthread_mutex_unlock(&entry->compile_lock);
       72: 2246:    atomic_fetch_sub_explicit(&engine->active_compilations, 1,
        -: 2247:                              memory_order_relaxed);
        -: 2248:
       72: 2249:    dgc_retire(&engine->dgc, old_handle);
        -: 2250:
        -: 2251:    /* Wake cjit_wait_compiled() callers. */
       72: 2252:    pthread_mutex_lock(&engine->compile_done_mutex);
       72: 2253:    pthread_cond_broadcast(&engine->compile_done_cond);
       72: 2254:    pthread_mutex_unlock(&engine->compile_done_mutex);
        -: 2255:
        -: 2256:    /* Fire compile-event callback (success). */
       72: 2257:    pthread_mutex_lock(&engine->cb_mutex);
       72: 2258:    cjit_compile_callback_t cb2 = engine->compile_cb;
       72: 2259:    void *cb2_ud = engine->compile_cb_userdata;
       72: 2260:    pthread_mutex_unlock(&engine->cb_mutex);
       72: 2261:    if (cb2) {
        -: 2262:        cjit_compile_event_t ev;
        8: 2263:        memset(&ev, 0, sizeof(ev));
        8: 2264:        ev.func_id     = id;
        8: 2265:        snprintf(ev.func_name, sizeof(ev.func_name), "%s", entry->name);
        8: 2266:        ev.level       = level;
        8: 2267:        ev.success     = true;
        8: 2268:        ev.timed_out   = false;
        8: 2269:        ev.cache_hit   = cres.cache_hit;
        8: 2270:        ev.duration_ms = dur_ms;
        8: 2271:        cb2(&ev, cb2_ud);
        -: 2272:    }
        -: 2273:
       72: 2274:    if (engine->cfg.verbose)
       16: 2275:        fprintf(stderr,
        -: 2276:                "[cjit/sync] compiled '%s' O%d in %u ms\n",
       16: 2277:                entry->name, (int)level, dur_ms);
        -: 2278:
       72: 2279:    return true;
        -: 2280:}
        -: 2281:
        -: 2282:/* ══════════════════════════ IR cache stats / prefetch ═════════════════════ */
        -: 2283:
        2: 2284:void cjit_print_ir_cache_stats(const cjit_engine_t *engine)
        -: 2285:{
       2*: 2286:    if (!engine || !engine->ir_cache) return;
        2: 2287:    ir_cache_print_stats(engine->ir_cache);
        -: 2288:}
        -: 2289:
       10: 2290:bool cjit_ir_cache_prefetch(cjit_engine_t *engine, func_id_t id)
        -: 2291:{
      10*: 2292:    if (!engine || !engine->ir_cache) return false;
      10*: 2293:    if (!func_table_get(engine->ftable, id)) return false;
        -: 2294:
        -: 2295:    /* Try the async path first (io_threads > 0 in the IR cache). */
       10: 2296:    if (ir_cache_prefetch(engine->ir_cache, id))
       10: 2297:        return true;
        -: 2298:
        -: 2299:    /* Fall back to synchronous: read IR into warm memory now. */
    #####: 2300:    char *ir = ir_cache_get_ir(engine->ir_cache, id);
    #####: 2301:    if (!ir) return false;
    #####: 2302:    free(ir);
    #####: 2303:    return true;
        -: 2304:}
