        -:    0:Source:/home/runner/work/cjit/cjit/src/codegen_cache.c
        -:    0:Graph:build_cov/CMakeFiles/cjit_lib.dir/src/codegen_cache.c.gcno
        -:    0:Data:build_cov/CMakeFiles/cjit_lib.dir/src/codegen_cache.c.gcda
        -:    0:Runs:9
        -:    1:/**
        -:    2: * codegen_cache.c – Persistent compiled-artifact cache implementation.
        -:    3: *
        -:    4: * See codegen_cache.h for the full design description.
        -:    5: */
        -:    6:
        -:    7:#ifndef _GNU_SOURCE
        -:    8:#define _GNU_SOURCE
        -:    9:#endif
        -:   10:
        -:   11:#include "codegen_cache.h"
        -:   12:
        -:   13:#include <stdlib.h>
        -:   14:#include <string.h>
        -:   15:#include <stdio.h>
        -:   16:#include <stdatomic.h>
        -:   17:#include <unistd.h>
        -:   18:#include <sys/stat.h>
        -:   19:#include <fcntl.h>
        -:   20:#include <errno.h>
        -:   21:#include <pthread.h>
        -:   22:#include <inttypes.h>   /* PRIx64 */
        -:   23:
        -:   24:/* ─────────────────────────── constants ─────────────────────────────────────── */
        -:   25:
        -:   26:/** Maximum length of the cache root directory path (including NUL). */
        -:   27:#define CC_DIR_MAX 256
        -:   28:
        -:   29:/** Maximum length of a cache file path (CC_DIR_MAX + "/" + 16 hex + ".so" + NUL). */
        -:   30:#define CC_PATH_MAX (CC_DIR_MAX + 32)
        -:   31:
        -:   32:/* ─────────────────────────── FNV-1a 64-bit hash ────────────────────────────── */
        -:   33:
        -:   34:/*
        -:   35: * FNV-1a (Fowler–Noll–Vo) 64-bit variant.
        -:   36: *
        -:   37: * Chosen for: simplicity, speed, and avalanche properties adequate for a
        -:   38: * non-cryptographic content-address key.  The prime and offset are the
        -:   39: * standard FNV-1a-64 constants.
        -:   40: *
        -:   41: * The hash is computed in a streaming fashion: callers can chain multiple
        -:   42: * fnv1a_feed() calls with the accumulated state to hash composite values.
        -:   43: */
        -:   44:
        -:   45:#define FNV1A_PRIME_64   UINT64_C(1099511628211)
        -:   46:#define FNV1A_OFFSET_64  UINT64_C(14695981039346656037)
        -:   47:
        -:   48:/* Update running hash with `len` bytes of `data`. */
     1498:   49:static uint64_t fnv1a_feed(uint64_t h, const void *data, size_t len)
        -:   50:{
     1498:   51:    const uint8_t *p = (const uint8_t *)data;
    50568:   52:    for (size_t i = 0; i < len; ++i) {
    49070:   53:        h ^= (uint64_t)p[i];
    49070:   54:        h *= FNV1A_PRIME_64;
        -:   55:    }
     1498:   56:    return h;
        -:   57:}
        -:   58:
        -:   59:/*
        -:   60: * Hash a C string with normalisation: strips C-style block comments and
        -:   61: * C++-style line comments, collapses runs of whitespace to a single space,
        -:   62: * and strips leading and trailing whitespace — all in a single pass.
        -:   63: *
        -:   64: * This normalisation ensures that two IR strings that are semantically
        -:   65: * identical (same tokens, same structure) but differ only in whitespace
        -:   66: * or comments produce the same cache key, improving artifact-cache hit rates
        -:   67: * for code that is regenerated with minor formatting differences.
        -:   68: *
        -:   69: * Implementation note: spaces are emitted lazily — a pending space is only
        -:   70: * flushed to the hash when the next non-space character arrives.  This
        -:   71: * naturally eliminates both leading and trailing whitespace.
        -:   72: */
       28:   73:static uint64_t fnv1a_norm_ir(uint64_t h, const char *s)
        -:   74:{
       28:   75:    if (!s || !*s) {
    #####:   76:        const uint8_t zero = 0;
    #####:   77:        return fnv1a_feed(h, &zero, 1);
        -:   78:    }
        -:   79:
       28:   80:    const char *p = s;
       28:   81:    bool pending_space = false; /* deferred space, not yet hashed */
       28:   82:    bool any_output    = false; /* suppress leading space */
        -:   83:
     1337:   84:    while (*p) {
        -:   85:        /* Skip C-style block comment. */
     1309:   86:        if (p[0] == '/' && p[1] == '*') {
        7:   87:            p += 2;
      147:   88:            while (*p) {
      147:   89:                if (p[0] == '*' && p[1] == '/') { p += 2; break; }
      140:   90:                p++;
        -:   91:            }
        -:   92:            /* A comment acts as a whitespace separator. */
       7*:   93:            if (any_output) pending_space = true;
      427:   94:            continue;
        -:   95:        }
        -:   96:
        -:   97:        /* Skip C++ line comment. */
     1302:   98:        if (p[0] == '/' && p[1] == '/') {
       14:   99:            p += 2;
       84:  100:            while (*p && *p != '\n') p++;
       14:  101:            if (*p == '\n') p++;
       14:  102:            if (any_output) pending_space = true;
       14:  103:            continue;
        -:  104:        }
        -:  105:
        -:  106:        /* Whitespace: defer. */
     1288:  107:        if (*p == ' ' || *p == '\t' || *p == '\r' || *p == '\n') {
      406:  108:            if (any_output) pending_space = true;
      406:  109:            p++;
      406:  110:            continue;
        -:  111:        }
        -:  112:
        -:  113:        /* Normal character: flush pending space first, then hash the char. */
      882:  114:        if (pending_space) {
      280:  115:            const uint8_t sp = ' ';
      280:  116:            h = fnv1a_feed(h, &sp, 1);
      280:  117:            pending_space = false;
        -:  118:        }
      882:  119:        uint8_t c = (uint8_t)*p++;
      882:  120:        h = fnv1a_feed(h, &c, 1);
      882:  121:        any_output = true;
        -:  122:    }
        -:  123:    /* Trailing pending_space is intentionally discarded (strip trailing ws). */
       28:  124:    return h;
        -:  125:}
        -:  126:
        -:  127:/*
        -:  128: * Hash a C string.
        -:  129: *
        -:  130: * NULL and "" both contribute a single zero byte so that absent components
        -:  131: * are distinguishable from each other when combined with a per-field separator.
        -:  132: */
      168:  133:static uint64_t fnv1a_str(uint64_t h, const char *s)
        -:  134:{
      168:  135:    if (s && *s)
       84:  136:        return fnv1a_feed(h, s, strlen(s));
        -:  137:    /* Absent/empty: hash a single zero byte to distinguish from "nothing". */
       84:  138:    const uint8_t zero = 0;
       84:  139:    return fnv1a_feed(h, &zero, 1);
        -:  140:}
        -:  141:
        -:  142:/* ─────────────────────────── struct ────────────────────────────────────────── */
        -:  143:
        -:  144:struct codegen_cache {
        -:  145:    char                 dir[CC_DIR_MAX]; /**< Cache root (no trailing slash). */
        -:  146:    atomic_uint_fast64_t hits;            /**< Cache hits since creation.      */
        -:  147:    atomic_uint_fast64_t misses;          /**< Cache misses since creation.    */
        -:  148:};
        -:  149:
        -:  150:/* ─────────────────────────── helpers ───────────────────────────────────────── */
        -:  151:
        -:  152:/*
        -:  153: * Write the canonical cache file path for `key` into out[0..outsz).
        -:  154: *
        -:  155: * Format: "<dir>/<16-hex-digit-key>.so"
        -:  156: */
       42:  157:static void cc_make_path(const codegen_cache_t *c, uint64_t key,
        -:  158:                          char *out, size_t outsz)
        -:  159:{
       42:  160:    snprintf(out, outsz, "%s/%016" PRIx64 ".so", c->dir, key);
       42:  161:}
        -:  162:
        -:  163:/*
        -:  164: * Copy a file from `src` to `dst` using a buffered read-write loop.
        -:  165: *
        -:  166: * Returns true on success, false on any I/O error.  `dst` is unlinked on
        -:  167: * failure to avoid leaving a partial file in the cache directory.
        -:  168: */
       14:  169:static bool cc_copy_file(const char *src, const char *dst)
        -:  170:{
       14:  171:    int fd_src = open(src, O_RDONLY | O_CLOEXEC);
      14*:  172:    if (fd_src < 0) return false;
        -:  173:
       14:  174:    int fd_dst = open(dst, O_WRONLY | O_CREAT | O_EXCL | O_CLOEXEC, 0600);
       14:  175:    if (fd_dst < 0) {
    #####:  176:        close(fd_src);
    #####:  177:        return false;
        -:  178:    }
        -:  179:
        -:  180:    char buf[65536];
        -:  181:    ssize_t nr;
       14:  182:    bool ok = true;
       28:  183:    while ((nr = read(fd_src, buf, sizeof(buf))) > 0) {
       14:  184:        ssize_t nw = 0;
       28:  185:        while (nw < nr) {
       14:  186:            ssize_t w = write(fd_dst, buf + nw, (size_t)(nr - nw));
      14*:  187:            if (w < 0) { ok = false; break; }
       14:  188:            nw += w;
        -:  189:        }
      14*:  190:        if (!ok) break;
        -:  191:    }
      14*:  192:    if (nr < 0) ok = false;
        -:  193:
       14:  194:    close(fd_src);
      14*:  195:    if (close(fd_dst) != 0) ok = false;
      14*:  196:    if (!ok) unlink(dst);
       14:  197:    return ok;
        -:  198:}
        -:  199:
        -:  200:/* ─────────────────────────── public API ────────────────────────────────────── */
        -:  201:
       28:  202:codegen_cache_t *codegen_cache_create(const char *dir)
        -:  203:{
      28*:  204:    if (!dir || !dir[0]) return NULL;
        -:  205:
       28:  206:    codegen_cache_t *c = calloc(1, sizeof(*c));
      28*:  207:    if (!c) return NULL;
        -:  208:
        -:  209:    /* Copy dir, strip trailing slashes. */
       28:  210:    snprintf(c->dir, sizeof(c->dir), "%s", dir);
       28:  211:    size_t len = strlen(c->dir);
      28*:  212:    while (len > 1 && c->dir[len - 1] == '/') c->dir[--len] = '\0';
        -:  213:
        -:  214:    /* Create the directory if it does not already exist. */
       28:  215:    if (mkdir(c->dir, 0700) != 0 && errno != EEXIST) {
    #####:  216:        free(c);
    #####:  217:        return NULL;
        -:  218:    }
        -:  219:
       28:  220:    atomic_init(&c->hits,   0);
       28:  221:    atomic_init(&c->misses, 0);
       28:  222:    return c;
        -:  223:}
        -:  224:
      264:  225:void codegen_cache_destroy(codegen_cache_t *c)
        -:  226:{
      264:  227:    free(c);
      264:  228:}
        -:  229:
       28:  230:uint64_t codegen_cache_key(const char *preamble,
        -:  231:                            const char *wrapper_src,
        -:  232:                            const char *spec_define,
        -:  233:                            const char *ir,
        -:  234:                            const char *level_str,
        -:  235:                            const char *cflags,
        -:  236:                            const char *cc_binary)
        -:  237:{
        -:  238:    /*
        -:  239:     * Separator byte injected between fields to prevent trivial length-extension
        -:  240:     * collisions where the concatenation of two distinct (a, b) pairs could
        -:  241:     * produce the same byte sequence.
        -:  242:     *
        -:  243:     * e.g., ("ab", "c") vs ("a", "bc") are different inputs with the same
        -:  244:     * naive concatenation "abc"; the separator makes them ("ab\xFF" "c") vs
        -:  245:     * ("a\xFF" "bc"), which have distinct byte sequences.
        -:  246:     */
        -:  247:    static const uint8_t SEP = 0xFF;
        -:  248:
       28:  249:    uint64_t h = FNV1A_OFFSET_64;
       28:  250:    h = fnv1a_str(h, preamble);
       28:  251:    h = fnv1a_feed(h, &SEP, 1);
       28:  252:    h = fnv1a_str(h, wrapper_src);
       28:  253:    h = fnv1a_feed(h, &SEP, 1);
       28:  254:    h = fnv1a_str(h, spec_define);
       28:  255:    h = fnv1a_feed(h, &SEP, 1);
        -:  256:    /* Use normalised hashing for user IR: strip comments + collapse whitespace
        -:  257:     * so that trivially reformatted IR strings map to the same cache entry. */
       28:  258:    h = fnv1a_norm_ir(h, ir);
       28:  259:    h = fnv1a_feed(h, &SEP, 1);
       28:  260:    h = fnv1a_str(h, level_str);
       28:  261:    h = fnv1a_feed(h, &SEP, 1);
       28:  262:    h = fnv1a_str(h, cflags);
       28:  263:    h = fnv1a_feed(h, &SEP, 1);
      28*:  264:    h = fnv1a_str(h, cc_binary ? cc_binary : "cc");
       28:  265:    return h;
        -:  266:}
        -:  267:
       28:  268:bool codegen_cache_lookup(codegen_cache_t *c, uint64_t key,
        -:  269:                           char *out, size_t outsz)
        -:  270:{
       28:  271:    cc_make_path(c, key, out, outsz);
        -:  272:
       28:  273:    if (access(out, R_OK) == 0) {
       14:  274:        atomic_fetch_add_explicit(&c->hits, 1, memory_order_relaxed);
       14:  275:        return true;
        -:  276:    }
       14:  277:    atomic_fetch_add_explicit(&c->misses, 1, memory_order_relaxed);
       14:  278:    return false;
        -:  279:}
        -:  280:
       14:  281:bool codegen_cache_store(codegen_cache_t *c, uint64_t key, const char *so_path)
        -:  282:{
        -:  283:    char dest[CC_PATH_MAX];
       14:  284:    cc_make_path(c, key, dest, sizeof(dest));
        -:  285:
        -:  286:    /* Fast path: same filesystem – atomic rename. */
       14:  287:    if (rename(so_path, dest) == 0)
    #####:  288:        return true;
        -:  289:
       14:  290:    if (errno == EEXIST) {
        -:  291:        /*
        -:  292:         * A concurrent compilation (same key) already stored the entry.
        -:  293:         * Both compilations produce identical output for identical input,
        -:  294:         * so the existing entry is authoritative.  Remove our copy.
        -:  295:         */
    #####:  296:        unlink(so_path);
    #####:  297:        return true;
        -:  298:    }
        -:  299:
       14:  300:    if (errno == EXDEV) {
        -:  301:        /*
        -:  302:         * Cross-device rename: the compiled .so is on a different filesystem
        -:  303:         * than the cache directory (e.g., /dev/shm vs ~/.cache/cjit).
        -:  304:         *
        -:  305:         * Strategy: copy to a private temp name inside the cache dir, then
        -:  306:         * rename within the cache dir (same device → atomic).
        -:  307:         */
        -:  308:        char tmp[CC_PATH_MAX + 32];
       14:  309:        snprintf(tmp, sizeof(tmp), "%s/.tmp_%016" PRIx64 "_%d_%"PRIxPTR ".so",
       28:  310:                 c->dir, (uint64_t)key, (int)getpid(),
       14:  311:                 (uintptr_t)pthread_self());
        -:  312:
       14:  313:        if (!cc_copy_file(so_path, tmp)) {
        -:  314:            /* Copy failed; keep so_path intact for the caller to unlink. */
    #####:  315:            return false;
        -:  316:        }
        -:  317:
        -:  318:        /* Intra-cache rename – atomic on any single filesystem. */
       14:  319:        if (rename(tmp, dest) != 0) {
    #####:  320:            if (errno == EEXIST) {
        -:  321:                /* Concurrent store won; our temp copy is redundant. */
    #####:  322:                unlink(tmp);
        -:  323:            } else {
    #####:  324:                unlink(tmp);
    #####:  325:                unlink(so_path);
    #####:  326:                return false;
        -:  327:            }
        -:  328:        }
       14:  329:        unlink(so_path);  /* original is no longer needed after copy */
       14:  330:        return true;
        -:  331:    }
        -:  332:
        -:  333:    /* Unexpected error: leave so_path for the caller to handle. */
    #####:  334:    return false;
        -:  335:}
        -:  336:
       28:  337:uint64_t codegen_cache_hits(const codegen_cache_t *c)
        -:  338:{
       28:  339:    return atomic_load_explicit(&c->hits, memory_order_relaxed);
        -:  340:}
        -:  341:
       28:  342:uint64_t codegen_cache_misses(const codegen_cache_t *c)
        -:  343:{
       28:  344:    return atomic_load_explicit(&c->misses, memory_order_relaxed);
        -:  345:}
