        -:    0:Source:/home/runner/work/cjit/cjit/src/func_table.c
        -:    0:Graph:build_cov/CMakeFiles/cjit_lib.dir/src/func_table.c.gcno
        -:    0:Data:build_cov/CMakeFiles/cjit_lib.dir/src/func_table.c.gcda
        -:    0:Runs:5
        -:    1:/**
        -:    2: * func_table.c – Atomic function-pointer table implementation.
        -:    3: *
        -:    4: * See func_table.h for design notes and thread-safety guarantees.
        -:    5: */
        -:    6:
        -:    7:#ifndef _GNU_SOURCE
        -:    8:#define _GNU_SOURCE
        -:    9:#endif
        -:   10:#include "func_table.h"
        -:   11:
        -:   12:#include <stdlib.h>   /* malloc / free     */
        -:   13:#include <string.h>   /* strncpy / memset  */
        -:   14:#include <stdio.h>    /* fprintf           */
        -:   15:
        -:   16:/* ─────────────────────────── helpers ──────────────────────────────────────── */
        -:   17:
   144610:   18:static void entry_init(func_table_entry_t *e, func_id_t id)
        -:   19:{
        -:   20:    /*
        -:   21:     * Zero-initialise everything first so that atomic fields start in a
        -:   22:     * well-defined state (all bits zero is a valid value for every atomic
        -:   23:     * type used here on all platforms we target).
        -:   24:     */
   144610:   25:    memset(e, 0, sizeof(*e));
        -:   26:
   144610:   27:    atomic_init(&e->func_ptr,   NULL);
   144610:   28:    atomic_init(&e->call_cnt,   0);
   144610:   29:    atomic_init(&e->version,    0);
   144610:   30:    atomic_init(&e->cur_level,  (int)OPT_NONE);
   144610:   31:    atomic_init(&e->in_queue,   false);
   144610:   32:    atomic_init(&e->last_compile_duration_ms, 0);
   144610:   33:    atomic_init(&e->recompile_count,          0);
        -:   34:
   144610:   35:    e->id        = id;
   144610:   36:    e->dl_handle = NULL;
   144610:   37:    e->ir_source = NULL;
        -:   38:
   144610:   39:    pthread_mutex_init(&e->compile_lock, NULL);
   144610:   40:}
        -:   41:
        -:   42:/* ─────────────────────────── public API ─────────────────────────────────────── */
        -:   43:
      141:   44:func_table_t *func_table_create(uint32_t capacity)
        -:   45:{
     141*:   46:    if (capacity == 0 || capacity > CJIT_MAX_FUNCTIONS) return NULL;
        -:   47:
      141:   48:    func_table_t *ft = malloc(sizeof(*ft));
     141*:   49:    if (!ft) return NULL;
        -:   50:
      141:   51:    ft->entries = calloc(capacity, sizeof(func_table_entry_t));
     141*:   52:    if (!ft->entries) { free(ft); return NULL; }
        -:   53:
      141:   54:    ft->capacity = capacity;
      141:   55:    atomic_init(&ft->count, 0);
        -:   56:
   144525:   57:    for (uint32_t i = 0; i < capacity; ++i) {
   144384:   58:        entry_init(&ft->entries[i], i);
        -:   59:    }
        -:   60:
      141:   61:    return ft;
        -:   62:}
        -:   63:
      136:   64:void func_table_destroy(func_table_t *ft)
        -:   65:{
     136*:   66:    if (!ft) return;
        -:   67:
      136:   68:    uint32_t n = atomic_load_explicit(&ft->count, memory_order_relaxed);
      349:   69:    for (uint32_t i = 0; i < n; ++i) {
      213:   70:        pthread_mutex_destroy(&ft->entries[i].compile_lock);
        -:   71:    }
      136:   72:    free(ft->entries);
      136:   73:    free(ft);
        -:   74:}
        -:   75:
      226:   76:func_id_t func_table_register(func_table_t *ft,
        -:   77:                               const char   *name,
        -:   78:                               const char   *ir_source,
        -:   79:                               jit_func_t    initial_fn)
        -:   80:{
      226:   81:    uint32_t idx = atomic_load_explicit(&ft->count, memory_order_relaxed);
      226:   82:    if (idx >= ft->capacity) {
    #####:   83:        fprintf(stderr, "[cjit] func_table_register: table full (%u entries)\n",
        -:   84:                ft->capacity);
    #####:   85:        return CJIT_INVALID_FUNC_ID;
        -:   86:    }
        -:   87:
      226:   88:    func_table_entry_t *e = &ft->entries[idx];
      226:   89:    entry_init(e, (func_id_t)idx);
        -:   90:
      226:   91:    strncpy(e->name, name, CJIT_NAME_MAX - 1);
      226:   92:    e->name[CJIT_NAME_MAX - 1] = '\0';
      226:   93:    e->ir_source = ir_source;
        -:   94:
        -:   95:    /*
        -:   96:     * Install the AOT fallback as the initial function pointer.
        -:   97:     * Release ordering so that a subsequent acquire-load by another thread
        -:   98:     * observes the fully initialised entry.
        -:   99:     */
      226:  100:    atomic_store_explicit(&e->func_ptr,  initial_fn, memory_order_release);
      226:  101:    atomic_store_explicit(&e->cur_level, (int)OPT_NONE, memory_order_relaxed);
        -:  102:
        -:  103:    /* Commit the registration by incrementing the count. */
      226:  104:    atomic_fetch_add_explicit(&ft->count, 1, memory_order_release);
        -:  105:
      226:  106:    return (func_id_t)idx;
        -:  107:}
        -:  108:
1361362342:  109:func_table_entry_t *func_table_get(func_table_t *ft, func_id_t id)
        -:  110:{
1361362342:  111:    uint32_t n = atomic_load_explicit(&ft->count, memory_order_acquire);
1361362342:  112:    if (id >= n) return NULL;
1361362341:  113:    return &ft->entries[id];
        -:  114:}
        -:  115:
      213:  116:void *func_table_swap(func_table_t *ft,
        -:  117:                      func_id_t     id,
        -:  118:                      jit_func_t    new_fn,
        -:  119:                      void         *new_handle,
        -:  120:                      opt_level_t   new_level)
        -:  121:{
      213:  122:    func_table_entry_t *e = func_table_get(ft, id);
     213*:  123:    if (!e) return NULL;
        -:  124:
        -:  125:    /*
        -:  126:     * Capture the old dlopen handle BEFORE the atomic store so that we can
        -:  127:     * retire it safely.  The compile_lock is held by the calling compiler
        -:  128:     * thread, preventing another compiler thread from simultaneously
        -:  129:     * overwriting dl_handle.
        -:  130:     */
      213:  131:    void *old_handle = e->dl_handle;
      213:  132:    e->dl_handle = new_handle;
        -:  133:
        -:  134:    /*
        -:  135:     * The atomic store uses memory_order_release so that all writes
        -:  136:     * (including e->dl_handle = new_handle above) are visible to any thread
        -:  137:     * that subsequently performs an acquire-load of func_ptr.
        -:  138:     *
        -:  139:     * Runtime threads read func_ptr with memory_order_acquire, so they will
        -:  140:     * observe the updated dl_handle assignment as well.  That's not strictly
        -:  141:     * necessary for correctness (runtime threads never dereference dl_handle),
        -:  142:     * but it makes the happens-before relationship clear.
        -:  143:     */
      213:  144:    atomic_store_explicit(&e->func_ptr,  new_fn,             memory_order_release);
      213:  145:    atomic_store_explicit(&e->cur_level, (int)new_level,     memory_order_relaxed);
      213:  146:    atomic_fetch_add_explicit(&e->version,         1,        memory_order_relaxed);
      213:  147:    atomic_fetch_add_explicit(&e->recompile_count, 1,        memory_order_relaxed);
        -:  148:
      213:  149:    return old_handle;
        -:  150:}
